<?xml version="1.0" encoding="UTF-8"?>
<!-- Generated by org.testng.reporters.JUnitXMLReporter -->
<testsuite ignored="2" hostname="DESKTOP-GARLJAI" failures="69" tests="70" name="Abacus Android Automation - Edge Browser" time="4.939" errors="0" timestamp="2023-10-13T20:01:13 PKT">
  <testcase classname="com.abacus.base.BaseClass" name="@AfterTest tearDown" time="0.002">
    <failure type="java.lang.NullPointerException" message="Cannot invoke &amp;quot;io.appium.java_client.android.AndroidDriver.quit()&amp;quot; because &amp;quot;com.abacus.base.BaseClass.driver&amp;quot; is null">
      <![CDATA[java.lang.NullPointerException: Cannot invoke "io.appium.java_client.android.AndroidDriver.quit()" because "com.abacus.base.BaseClass.driver" is null
at com.abacus.base.BaseClass.tearDown(BaseClass.java:296)
... Removed 22 stack frames]]>
    </failure>
  </testcase> <!-- @AfterTest tearDown -->
  <testcase classname="com.abacus.testsNotLoggedIn.Test_MLOps" name="verifyBySubmittingRequestAccessFormInDriftObservabilityAndExplainabilityFromMLOps" time="0.525">
    <skipped/>
  </testcase> <!-- verifyBySubmittingRequestAccessFormInDriftObservabilityAndExplainabilityFromMLOps -->
  <testcase classname="com.abacus.testsNotLoggedIn.Test_MLOps" name="verifyBySubmittingRequestAccessFormInDriftObservabilityAndExplainabilityFromMLOps" time="0.019">
    <failure type="java.lang.NullPointerException" message="Cannot invoke &amp;quot;org.openqa.selenium.TakesScreenshot.getScreenshotAs(org.openqa.selenium.OutputType)&amp;quot; because the return value of &amp;quot;com.abacus.base.BaseClass.getDriver()&amp;quot; is null">
      <![CDATA[java.lang.NullPointerException: Cannot invoke "org.openqa.selenium.TakesScreenshot.getScreenshotAs(org.openqa.selenium.OutputType)" because the return value of "com.abacus.base.BaseClass.getDriver()" is null
at com.abacus.listeners.ExtentManager.captureScreenshot(ExtentManager.java:45)
at com.abacus.listeners.ExtentListeners.captureErrorAndScreenshot(ExtentListeners.java:175)
at com.abacus.errorCollectors.ErrorCollector.verifyTrue(ErrorCollector.java:107)
at com.abacus.testsNotLoggedIn.Test_MLOps.verifyBySubmittingRequestAccessFormInDriftObservabilityAndExplainabilityFromMLOps(Test_MLOps.java:231)
at java.base/java.util.ArrayList.forEach(ArrayList.java:1511)
... Removed 25 stack frames]]>
    </failure>
  </testcase> <!-- verifyBySubmittingRequestAccessFormInDriftObservabilityAndExplainabilityFromMLOps -->
  <testcase classname="com.abacus.testsNotLoggedIn.Test_MLOps" name="verifyBySubmittingRequestAccessFormInHumanAIChampionChallengerFromMLOps" time="0.031">
    <failure type="java.lang.NullPointerException" message="Cannot invoke &amp;quot;org.openqa.selenium.TakesScreenshot.getScreenshotAs(org.openqa.selenium.OutputType)&amp;quot; because the return value of &amp;quot;com.abacus.base.BaseClass.getDriver()&amp;quot; is null">
      <![CDATA[java.lang.NullPointerException: Cannot invoke "org.openqa.selenium.TakesScreenshot.getScreenshotAs(org.openqa.selenium.OutputType)" because the return value of "com.abacus.base.BaseClass.getDriver()" is null
at com.abacus.listeners.ExtentManager.captureScreenshot(ExtentManager.java:45)
at com.abacus.listeners.ExtentListeners.captureErrorAndScreenshot(ExtentListeners.java:175)
at com.abacus.errorCollectors.ErrorCollector.verifyTrue(ErrorCollector.java:107)
at com.abacus.testsNotLoggedIn.Test_MLOps.verifyBySubmittingRequestAccessFormInHumanAIChampionChallengerFromMLOps(Test_MLOps.java:349)
at java.base/java.util.ArrayList.forEach(ArrayList.java:1511)
... Removed 25 stack frames]]>
    </failure>
  </testcase> <!-- verifyBySubmittingRequestAccessFormInHumanAIChampionChallengerFromMLOps -->
  <testcase classname="com.abacus.testsNotLoggedIn.Test_MLOps" name="verifyBySubmittingRequestAccessFormInModelHostingAndDataPipelinesFromMLOps" time="0.022">
    <failure type="java.lang.NullPointerException" message="Cannot invoke &amp;quot;org.openqa.selenium.TakesScreenshot.getScreenshotAs(org.openqa.selenium.OutputType)&amp;quot; because the return value of &amp;quot;com.abacus.base.BaseClass.getDriver()&amp;quot; is null">
      <![CDATA[java.lang.NullPointerException: Cannot invoke "org.openqa.selenium.TakesScreenshot.getScreenshotAs(org.openqa.selenium.OutputType)" because the return value of "com.abacus.base.BaseClass.getDriver()" is null
at com.abacus.listeners.ExtentManager.captureScreenshot(ExtentManager.java:45)
at com.abacus.listeners.ExtentListeners.captureErrorAndScreenshot(ExtentListeners.java:175)
at com.abacus.errorCollectors.ErrorCollector.verifyTrue(ErrorCollector.java:107)
at com.abacus.testsNotLoggedIn.Test_MLOps.verifyBySubmittingRequestAccessFormInModelHostingAndDataPipelinesFromMLOps(Test_MLOps.java:290)
at java.base/java.util.ArrayList.forEach(ArrayList.java:1511)
... Removed 25 stack frames]]>
    </failure>
  </testcase> <!-- verifyBySubmittingRequestAccessFormInModelHostingAndDataPipelinesFromMLOps -->
  <testcase classname="com.abacus.testsNotLoggedIn.Test_MLOps" name="verifyBySubmittingRequestAccessFormInRealTimeMLFeatureStoreFromMLOps" time="0.021">
    <failure type="java.lang.NullPointerException" message="Cannot invoke &amp;quot;org.openqa.selenium.TakesScreenshot.getScreenshotAs(org.openqa.selenium.OutputType)&amp;quot; because the return value of &amp;quot;com.abacus.base.BaseClass.getDriver()&amp;quot; is null">
      <![CDATA[java.lang.NullPointerException: Cannot invoke "org.openqa.selenium.TakesScreenshot.getScreenshotAs(org.openqa.selenium.OutputType)" because the return value of "com.abacus.base.BaseClass.getDriver()" is null
at com.abacus.listeners.ExtentManager.captureScreenshot(ExtentManager.java:45)
at com.abacus.listeners.ExtentListeners.captureErrorAndScreenshot(ExtentListeners.java:175)
at com.abacus.errorCollectors.ErrorCollector.verifyTrue(ErrorCollector.java:107)
at com.abacus.testsNotLoggedIn.Test_MLOps.verifyBySubmittingRequestAccessFormInRealTimeMLFeatureStoreFromMLOps(Test_MLOps.java:113)
at java.base/java.util.ArrayList.forEach(ArrayList.java:1511)
... Removed 25 stack frames]]>
    </failure>
  </testcase> <!-- verifyBySubmittingRequestAccessFormInRealTimeMLFeatureStoreFromMLOps -->
  <testcase classname="com.abacus.testsNotLoggedIn.Test_MLOps" name="verifyBySubmittingRequestAccessFormInVectorMachingEngineFromMLOps" time="0.016">
    <failure type="java.lang.NullPointerException" message="Cannot invoke &amp;quot;org.openqa.selenium.TakesScreenshot.getScreenshotAs(org.openqa.selenium.OutputType)&amp;quot; because the return value of &amp;quot;com.abacus.base.BaseClass.getDriver()&amp;quot; is null">
      <![CDATA[java.lang.NullPointerException: Cannot invoke "org.openqa.selenium.TakesScreenshot.getScreenshotAs(org.openqa.selenium.OutputType)" because the return value of "com.abacus.base.BaseClass.getDriver()" is null
at com.abacus.listeners.ExtentManager.captureScreenshot(ExtentManager.java:45)
at com.abacus.listeners.ExtentListeners.captureErrorAndScreenshot(ExtentListeners.java:175)
at com.abacus.errorCollectors.ErrorCollector.verifyTrue(ErrorCollector.java:107)
at com.abacus.testsNotLoggedIn.Test_MLOps.verifyBySubmittingRequestAccessFormInVectorMachingEngineFromMLOps(Test_MLOps.java:172)
at java.base/java.util.ArrayList.forEach(ArrayList.java:1511)
... Removed 25 stack frames]]>
    </failure>
  </testcase> <!-- verifyBySubmittingRequestAccessFormInVectorMachingEngineFromMLOps -->
  <testcase classname="com.abacus.testsNotLoggedIn.Test_MLOps" name="verifyBySubmittingRequestConsultationFormInDriftObservabilityAndExplainabilityFromMLOps" time="0.018">
    <failure type="java.lang.NullPointerException" message="Cannot invoke &amp;quot;org.openqa.selenium.TakesScreenshot.getScreenshotAs(org.openqa.selenium.OutputType)&amp;quot; because the return value of &amp;quot;com.abacus.base.BaseClass.getDriver()&amp;quot; is null">
      <![CDATA[java.lang.NullPointerException: Cannot invoke "org.openqa.selenium.TakesScreenshot.getScreenshotAs(org.openqa.selenium.OutputType)" because the return value of "com.abacus.base.BaseClass.getDriver()" is null
at com.abacus.listeners.ExtentManager.captureScreenshot(ExtentManager.java:45)
at com.abacus.listeners.ExtentListeners.captureErrorAndScreenshot(ExtentListeners.java:175)
at com.abacus.errorCollectors.ErrorCollector.verifyTrue(ErrorCollector.java:107)
at com.abacus.testsNotLoggedIn.Test_MLOps.verifyBySubmittingRequestConsultationFormInDriftObservabilityAndExplainabilityFromMLOps(Test_MLOps.java:535)
at java.base/java.util.ArrayList.forEach(ArrayList.java:1511)
... Removed 25 stack frames]]>
    </failure>
  </testcase> <!-- verifyBySubmittingRequestConsultationFormInDriftObservabilityAndExplainabilityFromMLOps -->
  <testcase classname="com.abacus.testsNotLoggedIn.Test_MLOps" name="verifyBySubmittingRequestConsultationFormInHumanAIChampionChallengerFromMLOps" time="0.013">
    <failure type="java.lang.NullPointerException" message="Cannot invoke &amp;quot;org.openqa.selenium.TakesScreenshot.getScreenshotAs(org.openqa.selenium.OutputType)&amp;quot; because the return value of &amp;quot;com.abacus.base.BaseClass.getDriver()&amp;quot; is null">
      <![CDATA[java.lang.NullPointerException: Cannot invoke "org.openqa.selenium.TakesScreenshot.getScreenshotAs(org.openqa.selenium.OutputType)" because the return value of "com.abacus.base.BaseClass.getDriver()" is null
at com.abacus.listeners.ExtentManager.captureScreenshot(ExtentManager.java:45)
at com.abacus.listeners.ExtentListeners.captureErrorAndScreenshot(ExtentListeners.java:175)
at com.abacus.errorCollectors.ErrorCollector.verifyTrue(ErrorCollector.java:107)
at com.abacus.testsNotLoggedIn.Test_MLOps.verifyBySubmittingRequestConsultationFormInHumanAIChampionChallengerFromMLOps(Test_MLOps.java:662)
at java.base/java.util.ArrayList.forEach(ArrayList.java:1511)
... Removed 25 stack frames]]>
    </failure>
  </testcase> <!-- verifyBySubmittingRequestConsultationFormInHumanAIChampionChallengerFromMLOps -->
  <testcase classname="com.abacus.testsNotLoggedIn.Test_MLOps" name="verifyBySubmittingRequestConsultationFormInModelHostingAndDataPipelinesFromMLOps" time="0.015">
    <failure type="java.lang.NullPointerException" message="Cannot invoke &amp;quot;org.openqa.selenium.TakesScreenshot.getScreenshotAs(org.openqa.selenium.OutputType)&amp;quot; because the return value of &amp;quot;com.abacus.base.BaseClass.getDriver()&amp;quot; is null">
      <![CDATA[java.lang.NullPointerException: Cannot invoke "org.openqa.selenium.TakesScreenshot.getScreenshotAs(org.openqa.selenium.OutputType)" because the return value of "com.abacus.base.BaseClass.getDriver()" is null
at com.abacus.listeners.ExtentManager.captureScreenshot(ExtentManager.java:45)
at com.abacus.listeners.ExtentListeners.captureErrorAndScreenshot(ExtentListeners.java:175)
at com.abacus.errorCollectors.ErrorCollector.verifyTrue(ErrorCollector.java:107)
at com.abacus.testsNotLoggedIn.Test_MLOps.verifyBySubmittingRequestConsultationFormInModelHostingAndDataPipelinesFromMLOps(Test_MLOps.java:597)
at java.base/java.util.ArrayList.forEach(ArrayList.java:1511)
... Removed 25 stack frames]]>
    </failure>
  </testcase> <!-- verifyBySubmittingRequestConsultationFormInModelHostingAndDataPipelinesFromMLOps -->
  <testcase classname="com.abacus.testsNotLoggedIn.Test_MLOps" name="verifyBySubmittingRequestConsultationFormInRealTimeMLFeatureStoreFromMLOps" time="0.013">
    <failure type="java.lang.NullPointerException" message="Cannot invoke &amp;quot;org.openqa.selenium.TakesScreenshot.getScreenshotAs(org.openqa.selenium.OutputType)&amp;quot; because the return value of &amp;quot;com.abacus.base.BaseClass.getDriver()&amp;quot; is null">
      <![CDATA[java.lang.NullPointerException: Cannot invoke "org.openqa.selenium.TakesScreenshot.getScreenshotAs(org.openqa.selenium.OutputType)" because the return value of "com.abacus.base.BaseClass.getDriver()" is null
at com.abacus.listeners.ExtentManager.captureScreenshot(ExtentManager.java:45)
at com.abacus.listeners.ExtentListeners.captureErrorAndScreenshot(ExtentListeners.java:175)
at com.abacus.errorCollectors.ErrorCollector.verifyTrue(ErrorCollector.java:107)
at com.abacus.testsNotLoggedIn.Test_MLOps.verifyBySubmittingRequestConsultationFormInRealTimeMLFeatureStoreFromMLOps(Test_MLOps.java:409)
at java.base/java.util.ArrayList.forEach(ArrayList.java:1511)
... Removed 25 stack frames]]>
    </failure>
  </testcase> <!-- verifyBySubmittingRequestConsultationFormInRealTimeMLFeatureStoreFromMLOps -->
  <testcase classname="com.abacus.testsNotLoggedIn.Test_MLOps" name="verifyBySubmittingRequestConsultationFormInVectorMachingEngineFromMLOps" time="0.015">
    <failure type="java.lang.NullPointerException" message="Cannot invoke &amp;quot;org.openqa.selenium.TakesScreenshot.getScreenshotAs(org.openqa.selenium.OutputType)&amp;quot; because the return value of &amp;quot;com.abacus.base.BaseClass.getDriver()&amp;quot; is null">
      <![CDATA[java.lang.NullPointerException: Cannot invoke "org.openqa.selenium.TakesScreenshot.getScreenshotAs(org.openqa.selenium.OutputType)" because the return value of "com.abacus.base.BaseClass.getDriver()" is null
at com.abacus.listeners.ExtentManager.captureScreenshot(ExtentManager.java:45)
at com.abacus.listeners.ExtentListeners.captureErrorAndScreenshot(ExtentListeners.java:175)
at com.abacus.errorCollectors.ErrorCollector.verifyTrue(ErrorCollector.java:107)
at com.abacus.testsNotLoggedIn.Test_MLOps.verifyBySubmittingRequestConsultationFormInVectorMachingEngineFromMLOps(Test_MLOps.java:472)
at java.base/java.util.ArrayList.forEach(ArrayList.java:1511)
... Removed 25 stack frames]]>
    </failure>
  </testcase> <!-- verifyBySubmittingRequestConsultationFormInVectorMachingEngineFromMLOps -->
  <testcase classname="com.abacus.testsNotLoggedIn.Test_MLOps" name="verifyRequestAccessButtonIsVisibleOnMLOpsHomePage" time="0.012">
    <failure type="java.lang.NullPointerException" message="Cannot invoke &amp;quot;org.openqa.selenium.TakesScreenshot.getScreenshotAs(org.openqa.selenium.OutputType)&amp;quot; because the return value of &amp;quot;com.abacus.base.BaseClass.getDriver()&amp;quot; is null">
      <![CDATA[java.lang.NullPointerException: Cannot invoke "org.openqa.selenium.TakesScreenshot.getScreenshotAs(org.openqa.selenium.OutputType)" because the return value of "com.abacus.base.BaseClass.getDriver()" is null
at com.abacus.listeners.ExtentManager.captureScreenshot(ExtentManager.java:45)
at com.abacus.listeners.ExtentListeners.captureErrorAndScreenshot(ExtentListeners.java:175)
at com.abacus.errorCollectors.ErrorCollector.verifyTrue(ErrorCollector.java:107)
at com.abacus.testsNotLoggedIn.Test_MLOps.verifyRequestAccessButtonIsVisibleOnMLOpsHomePage(Test_MLOps.java:55)
at java.base/java.util.ArrayList.forEach(ArrayList.java:1511)
... Removed 25 stack frames]]>
    </failure>
  </testcase> <!-- verifyRequestAccessButtonIsVisibleOnMLOpsHomePage -->
  <testcase classname="com.abacus.testsNotLoggedIn.Test_MLOps" name="verifyScheduleFreeConsultaionButtonIsVisibleOnMLOpsHomePage" time="0.016">
    <failure type="java.lang.NullPointerException" message="Cannot invoke &amp;quot;org.openqa.selenium.TakesScreenshot.getScreenshotAs(org.openqa.selenium.OutputType)&amp;quot; because the return value of &amp;quot;com.abacus.base.BaseClass.getDriver()&amp;quot; is null">
      <![CDATA[java.lang.NullPointerException: Cannot invoke "org.openqa.selenium.TakesScreenshot.getScreenshotAs(org.openqa.selenium.OutputType)" because the return value of "com.abacus.base.BaseClass.getDriver()" is null
at com.abacus.listeners.ExtentManager.captureScreenshot(ExtentManager.java:45)
at com.abacus.listeners.ExtentListeners.captureErrorAndScreenshot(ExtentListeners.java:175)
at com.abacus.errorCollectors.ErrorCollector.verifyTrue(ErrorCollector.java:107)
at com.abacus.testsNotLoggedIn.Test_MLOps.verifyScheduleFreeConsultaionButtonIsVisibleOnMLOpsHomePage(Test_MLOps.java:83)
at java.base/java.util.ArrayList.forEach(ArrayList.java:1511)
... Removed 25 stack frames]]>
    </failure>
  </testcase> <!-- verifyScheduleFreeConsultaionButtonIsVisibleOnMLOpsHomePage -->
  <testcase classname="com.abacus.testsNotLoggedIn.Test_MLOps" name="verifyUserIsAbleToOpenMLOpsFromNavBar" time="0.012">
    <failure type="java.lang.NullPointerException" message="Cannot invoke &amp;quot;org.openqa.selenium.TakesScreenshot.getScreenshotAs(org.openqa.selenium.OutputType)&amp;quot; because the return value of &amp;quot;com.abacus.base.BaseClass.getDriver()&amp;quot; is null">
      <![CDATA[java.lang.NullPointerException: Cannot invoke "org.openqa.selenium.TakesScreenshot.getScreenshotAs(org.openqa.selenium.OutputType)" because the return value of "com.abacus.base.BaseClass.getDriver()" is null
at com.abacus.listeners.ExtentManager.captureScreenshot(ExtentManager.java:45)
at com.abacus.listeners.ExtentListeners.captureErrorAndScreenshot(ExtentListeners.java:175)
at com.abacus.errorCollectors.ErrorCollector.verifyTrue(ErrorCollector.java:107)
at com.abacus.testsNotLoggedIn.Test_MLOps.verifyUserIsAbleToOpenMLOpsFromNavBar(Test_MLOps.java:31)
at java.base/java.util.ArrayList.forEach(ArrayList.java:1511)
... Removed 25 stack frames]]>
    </failure>
  </testcase> <!-- verifyUserIsAbleToOpenMLOpsFromNavBar -->
  <testcase classname="com.abacus.testsNotLoggedIn.Test_HomePage" name="VerifyLogo" time="0.012">
    <failure type="java.lang.NullPointerException" message="Cannot invoke &amp;quot;org.openqa.selenium.TakesScreenshot.getScreenshotAs(org.openqa.selenium.OutputType)&amp;quot; because the return value of &amp;quot;com.abacus.base.BaseClass.getDriver()&amp;quot; is null">
      <![CDATA[java.lang.NullPointerException: Cannot invoke "org.openqa.selenium.TakesScreenshot.getScreenshotAs(org.openqa.selenium.OutputType)" because the return value of "com.abacus.base.BaseClass.getDriver()" is null
at com.abacus.listeners.ExtentManager.captureScreenshot(ExtentManager.java:45)
at com.abacus.listeners.ExtentListeners.captureErrorAndScreenshot(ExtentListeners.java:175)
at com.abacus.errorCollectors.ErrorCollector.verifyTrue(ErrorCollector.java:107)
at com.abacus.testsNotLoggedIn.Test_HomePage.VerifyLogo(Test_HomePage.java:72)
at java.base/java.util.ArrayList.forEach(ArrayList.java:1511)
... Removed 25 stack frames]]>
    </failure>
  </testcase> <!-- VerifyLogo -->
  <testcase classname="com.abacus.testsNotLoggedIn.Test_HomePage" name="requestAccessFormFromNavigationBar" time="0.015">
    <failure type="java.lang.NullPointerException" message="Cannot invoke &amp;quot;org.openqa.selenium.TakesScreenshot.getScreenshotAs(org.openqa.selenium.OutputType)&amp;quot; because the return value of &amp;quot;com.abacus.base.BaseClass.getDriver()&amp;quot; is null">
      <![CDATA[java.lang.NullPointerException: Cannot invoke "org.openqa.selenium.TakesScreenshot.getScreenshotAs(org.openqa.selenium.OutputType)" because the return value of "com.abacus.base.BaseClass.getDriver()" is null
at com.abacus.listeners.ExtentManager.captureScreenshot(ExtentManager.java:45)
at com.abacus.listeners.ExtentListeners.captureErrorAndScreenshot(ExtentListeners.java:175)
at com.abacus.errorCollectors.ErrorCollector.verifyTrue(ErrorCollector.java:107)
at com.abacus.testsNotLoggedIn.Test_HomePage.requestAccessFormFromNavigationBar(Test_HomePage.java:197)
at java.base/java.util.ArrayList.forEach(ArrayList.java:1511)
... Removed 25 stack frames]]>
    </failure>
  </testcase> <!-- requestAccessFormFromNavigationBar -->
  <testcase classname="com.abacus.testsNotLoggedIn.Test_HomePage" name="solutionsVisibleOnHomePage" time="0.014">
    <failure type="java.lang.NullPointerException" message="Cannot invoke &amp;quot;org.openqa.selenium.TakesScreenshot.getScreenshotAs(org.openqa.selenium.OutputType)&amp;quot; because the return value of &amp;quot;com.abacus.base.BaseClass.getDriver()&amp;quot; is null">
      <![CDATA[java.lang.NullPointerException: Cannot invoke "org.openqa.selenium.TakesScreenshot.getScreenshotAs(org.openqa.selenium.OutputType)" because the return value of "com.abacus.base.BaseClass.getDriver()" is null
at com.abacus.listeners.ExtentManager.captureScreenshot(ExtentManager.java:45)
at com.abacus.listeners.ExtentListeners.captureErrorAndScreenshot(ExtentListeners.java:175)
at com.abacus.errorCollectors.ErrorCollector.verifyTrue(ErrorCollector.java:107)
at com.abacus.testsNotLoggedIn.Test_HomePage.solutionsVisibleOnHomePage(Test_HomePage.java:245)
at java.base/java.util.ArrayList.forEach(ArrayList.java:1511)
... Removed 25 stack frames]]>
    </failure>
  </testcase> <!-- solutionsVisibleOnHomePage -->
  <testcase classname="com.abacus.testsNotLoggedIn.Test_HomePage" name="verifyBookADemoButtonIsClickable" time="0.015">
    <failure type="java.lang.NullPointerException" message="Cannot invoke &amp;quot;org.openqa.selenium.TakesScreenshot.getScreenshotAs(org.openqa.selenium.OutputType)&amp;quot; because the return value of &amp;quot;com.abacus.base.BaseClass.getDriver()&amp;quot; is null">
      <![CDATA[java.lang.NullPointerException: Cannot invoke "org.openqa.selenium.TakesScreenshot.getScreenshotAs(org.openqa.selenium.OutputType)" because the return value of "com.abacus.base.BaseClass.getDriver()" is null
at com.abacus.listeners.ExtentManager.captureScreenshot(ExtentManager.java:45)
at com.abacus.listeners.ExtentListeners.captureErrorAndScreenshot(ExtentListeners.java:175)
at com.abacus.errorCollectors.ErrorCollector.verifyTrue(ErrorCollector.java:107)
at com.abacus.testsNotLoggedIn.Test_HomePage.verifyBookADemoButtonIsClickable(Test_HomePage.java:129)
at java.base/java.util.ArrayList.forEach(ArrayList.java:1511)
... Removed 25 stack frames]]>
    </failure>
  </testcase> <!-- verifyBookADemoButtonIsClickable -->
  <testcase classname="com.abacus.testsNotLoggedIn.Test_HomePage" name="verifyBookADemoByFillingForm" time="0.01">
    <failure type="java.lang.NullPointerException" message="Cannot invoke &amp;quot;org.openqa.selenium.TakesScreenshot.getScreenshotAs(org.openqa.selenium.OutputType)&amp;quot; because the return value of &amp;quot;com.abacus.base.BaseClass.getDriver()&amp;quot; is null">
      <![CDATA[java.lang.NullPointerException: Cannot invoke "org.openqa.selenium.TakesScreenshot.getScreenshotAs(org.openqa.selenium.OutputType)" because the return value of "com.abacus.base.BaseClass.getDriver()" is null
at com.abacus.listeners.ExtentManager.captureScreenshot(ExtentManager.java:45)
at com.abacus.listeners.ExtentListeners.captureErrorAndScreenshot(ExtentListeners.java:175)
at com.abacus.errorCollectors.ErrorCollector.verifyTrue(ErrorCollector.java:107)
at com.abacus.testsNotLoggedIn.Test_HomePage.verifyBookADemoByFillingForm(Test_HomePage.java:153)
at java.base/java.util.ArrayList.forEach(ArrayList.java:1511)
... Removed 25 stack frames]]>
    </failure>
  </testcase> <!-- verifyBookADemoByFillingForm -->
  <testcase classname="com.abacus.testsNotLoggedIn.Test_HomePage" name="verifyNavigationBarIsClickable" time="0.009">
    <failure type="java.lang.NullPointerException" message="Cannot invoke &amp;quot;org.openqa.selenium.TakesScreenshot.getScreenshotAs(org.openqa.selenium.OutputType)&amp;quot; because the return value of &amp;quot;com.abacus.base.BaseClass.getDriver()&amp;quot; is null">
      <![CDATA[java.lang.NullPointerException: Cannot invoke "org.openqa.selenium.TakesScreenshot.getScreenshotAs(org.openqa.selenium.OutputType)" because the return value of "com.abacus.base.BaseClass.getDriver()" is null
at com.abacus.listeners.ExtentManager.captureScreenshot(ExtentManager.java:45)
at com.abacus.listeners.ExtentListeners.captureErrorAndScreenshot(ExtentListeners.java:175)
at com.abacus.errorCollectors.ErrorCollector.verifyTrue(ErrorCollector.java:107)
at com.abacus.testsNotLoggedIn.Test_HomePage.verifyNavigationBarIsClickable(Test_HomePage.java:87)
at java.base/java.util.ArrayList.forEach(ArrayList.java:1511)
... Removed 25 stack frames]]>
    </failure>
  </testcase> <!-- verifyNavigationBarIsClickable -->
  <testcase classname="com.abacus.testsNotLoggedIn.Test_HomePage" name="verifyNonProfessionalOrAcademicEmailGivesError" time="0.011">
    <failure type="java.lang.NullPointerException" message="Cannot invoke &amp;quot;org.openqa.selenium.TakesScreenshot.getScreenshotAs(org.openqa.selenium.OutputType)&amp;quot; because the return value of &amp;quot;com.abacus.base.BaseClass.getDriver()&amp;quot; is null">
      <![CDATA[java.lang.NullPointerException: Cannot invoke "org.openqa.selenium.TakesScreenshot.getScreenshotAs(org.openqa.selenium.OutputType)" because the return value of "com.abacus.base.BaseClass.getDriver()" is null
at com.abacus.listeners.ExtentManager.captureScreenshot(ExtentManager.java:45)
at com.abacus.listeners.ExtentListeners.captureErrorAndScreenshot(ExtentListeners.java:175)
at com.abacus.errorCollectors.ErrorCollector.verifyTrue(ErrorCollector.java:107)
at com.abacus.testsNotLoggedIn.Test_HomePage.verifyNonProfessionalOrAcademicEmailGivesError(Test_HomePage.java:265)
at java.base/java.util.ArrayList.forEach(ArrayList.java:1511)
... Removed 25 stack frames]]>
    </failure>
  </testcase> <!-- verifyNonProfessionalOrAcademicEmailGivesError -->
  <testcase classname="com.abacus.testsNotLoggedIn.Test_Solutions" name="verifyNonProfessionalOrAcademicEmailGivesErrorInAIFotItOperations_RequestAccess" time="0.014">
    <failure type="java.lang.NullPointerException" message="Cannot invoke &amp;quot;org.openqa.selenium.TakesScreenshot.getScreenshotAs(org.openqa.selenium.OutputType)&amp;quot; because the return value of &amp;quot;com.abacus.base.BaseClass.getDriver()&amp;quot; is null">
      <![CDATA[java.lang.NullPointerException: Cannot invoke "org.openqa.selenium.TakesScreenshot.getScreenshotAs(org.openqa.selenium.OutputType)" because the return value of "com.abacus.base.BaseClass.getDriver()" is null
at com.abacus.listeners.ExtentManager.captureScreenshot(ExtentManager.java:45)
at com.abacus.listeners.ExtentListeners.captureErrorAndScreenshot(ExtentListeners.java:175)
at com.abacus.errorCollectors.ErrorCollector.verifyTrue(ErrorCollector.java:107)
at com.abacus.testsNotLoggedIn.Test_Solutions.verifyNonProfessionalOrAcademicEmailGivesErrorInAIFotItOperations_RequestAccess(Test_Solutions.java:246)
at java.base/java.util.ArrayList.forEach(ArrayList.java:1511)
... Removed 25 stack frames]]>
    </failure>
  </testcase> <!-- verifyNonProfessionalOrAcademicEmailGivesErrorInAIFotItOperations_RequestAccess -->
  <testcase classname="com.abacus.testsNotLoggedIn.Test_Solutions" name="verifyNonProfessionalOrAcademicEmailGivesErrorInAnomalyDetction_RequestAccess" time="0.01">
    <failure type="java.lang.NullPointerException" message="Cannot invoke &amp;quot;org.openqa.selenium.TakesScreenshot.getScreenshotAs(org.openqa.selenium.OutputType)&amp;quot; because the return value of &amp;quot;com.abacus.base.BaseClass.getDriver()&amp;quot; is null">
      <![CDATA[java.lang.NullPointerException: Cannot invoke "org.openqa.selenium.TakesScreenshot.getScreenshotAs(org.openqa.selenium.OutputType)" because the return value of "com.abacus.base.BaseClass.getDriver()" is null
at com.abacus.listeners.ExtentManager.captureScreenshot(ExtentManager.java:45)
at com.abacus.listeners.ExtentListeners.captureErrorAndScreenshot(ExtentListeners.java:175)
at com.abacus.errorCollectors.ErrorCollector.verifyTrue(ErrorCollector.java:107)
at com.abacus.testsNotLoggedIn.Test_Solutions.verifyNonProfessionalOrAcademicEmailGivesErrorInAnomalyDetction_RequestAccess(Test_Solutions.java:125)
at java.base/java.util.ArrayList.forEach(ArrayList.java:1511)
... Removed 25 stack frames]]>
    </failure>
  </testcase> <!-- verifyNonProfessionalOrAcademicEmailGivesErrorInAnomalyDetction_RequestAccess -->
  <testcase classname="com.abacus.testsNotLoggedIn.Test_Solutions" name="verifyNonProfessionalOrAcademicEmailGivesErrorInDiscreteOptimization_RequestAccess" time="0.011">
    <failure type="java.lang.NullPointerException" message="Cannot invoke &amp;quot;org.openqa.selenium.TakesScreenshot.getScreenshotAs(org.openqa.selenium.OutputType)&amp;quot; because the return value of &amp;quot;com.abacus.base.BaseClass.getDriver()&amp;quot; is null">
      <![CDATA[java.lang.NullPointerException: Cannot invoke "org.openqa.selenium.TakesScreenshot.getScreenshotAs(org.openqa.selenium.OutputType)" because the return value of "com.abacus.base.BaseClass.getDriver()" is null
at com.abacus.listeners.ExtentManager.captureScreenshot(ExtentManager.java:45)
at com.abacus.listeners.ExtentListeners.captureErrorAndScreenshot(ExtentListeners.java:175)
at com.abacus.errorCollectors.ErrorCollector.verifyTrue(ErrorCollector.java:107)
at com.abacus.testsNotLoggedIn.Test_Solutions.verifyNonProfessionalOrAcademicEmailGivesErrorInDiscreteOptimization_RequestAccess(Test_Solutions.java:366)
at java.base/java.util.ArrayList.forEach(ArrayList.java:1511)
... Removed 25 stack frames]]>
    </failure>
  </testcase> <!-- verifyNonProfessionalOrAcademicEmailGivesErrorInDiscreteOptimization_RequestAccess -->
  <testcase classname="com.abacus.testsNotLoggedIn.Test_Solutions" name="verifyNonProfessionalOrAcademicEmailGivesErrorInForcastingAndPlanning_RequestAccess" time="0.012">
    <failure type="java.lang.NullPointerException" message="Cannot invoke &amp;quot;org.openqa.selenium.TakesScreenshot.getScreenshotAs(org.openqa.selenium.OutputType)&amp;quot; because the return value of &amp;quot;com.abacus.base.BaseClass.getDriver()&amp;quot; is null">
      <![CDATA[java.lang.NullPointerException: Cannot invoke "org.openqa.selenium.TakesScreenshot.getScreenshotAs(org.openqa.selenium.OutputType)" because the return value of "com.abacus.base.BaseClass.getDriver()" is null
at com.abacus.listeners.ExtentManager.captureScreenshot(ExtentManager.java:45)
at com.abacus.listeners.ExtentListeners.captureErrorAndScreenshot(ExtentListeners.java:175)
at com.abacus.errorCollectors.ErrorCollector.verifyTrue(ErrorCollector.java:107)
at com.abacus.testsNotLoggedIn.Test_Solutions.verifyNonProfessionalOrAcademicEmailGivesErrorInForcastingAndPlanning_RequestAccess(Test_Solutions.java:486)
at java.base/java.util.ArrayList.forEach(ArrayList.java:1511)
... Removed 25 stack frames]]>
    </failure>
  </testcase> <!-- verifyNonProfessionalOrAcademicEmailGivesErrorInForcastingAndPlanning_RequestAccess -->
  <testcase classname="com.abacus.testsNotLoggedIn.Test_Solutions" name="verifyNonProfessionalOrAcademicEmailGivesErrorInFoundationModels_RequestAccess" time="0.012">
    <failure type="java.lang.NullPointerException" message="Cannot invoke &amp;quot;org.openqa.selenium.TakesScreenshot.getScreenshotAs(org.openqa.selenium.OutputType)&amp;quot; because the return value of &amp;quot;com.abacus.base.BaseClass.getDriver()&amp;quot; is null">
      <![CDATA[java.lang.NullPointerException: Cannot invoke "org.openqa.selenium.TakesScreenshot.getScreenshotAs(org.openqa.selenium.OutputType)" because the return value of "com.abacus.base.BaseClass.getDriver()" is null
at com.abacus.listeners.ExtentManager.captureScreenshot(ExtentManager.java:45)
at com.abacus.listeners.ExtentListeners.captureErrorAndScreenshot(ExtentListeners.java:175)
at com.abacus.errorCollectors.ErrorCollector.verifyTrue(ErrorCollector.java:107)
at com.abacus.testsNotLoggedIn.Test_Solutions.verifyNonProfessionalOrAcademicEmailGivesErrorInFoundationModels_RequestAccess(Test_Solutions.java:606)
at java.base/java.util.ArrayList.forEach(ArrayList.java:1511)
... Removed 25 stack frames]]>
    </failure>
  </testcase> <!-- verifyNonProfessionalOrAcademicEmailGivesErrorInFoundationModels_RequestAccess -->
  <testcase classname="com.abacus.testsNotLoggedIn.Test_Solutions" name="verifyNonProfessionalOrAcademicEmailGivesErrorInFraudAndSecurity_RequestAccess" time="0.014">
    <failure type="java.lang.NullPointerException" message="Cannot invoke &amp;quot;org.openqa.selenium.TakesScreenshot.getScreenshotAs(org.openqa.selenium.OutputType)&amp;quot; because the return value of &amp;quot;com.abacus.base.BaseClass.getDriver()&amp;quot; is null">
      <![CDATA[java.lang.NullPointerException: Cannot invoke "org.openqa.selenium.TakesScreenshot.getScreenshotAs(org.openqa.selenium.OutputType)" because the return value of "com.abacus.base.BaseClass.getDriver()" is null
at com.abacus.listeners.ExtentManager.captureScreenshot(ExtentManager.java:45)
at com.abacus.listeners.ExtentListeners.captureErrorAndScreenshot(ExtentListeners.java:175)
at com.abacus.errorCollectors.ErrorCollector.verifyTrue(ErrorCollector.java:107)
at com.abacus.testsNotLoggedIn.Test_Solutions.verifyNonProfessionalOrAcademicEmailGivesErrorInFraudAndSecurity_RequestAccess(Test_Solutions.java:727)
at java.base/java.util.ArrayList.forEach(ArrayList.java:1511)
... Removed 25 stack frames]]>
    </failure>
  </testcase> <!-- verifyNonProfessionalOrAcademicEmailGivesErrorInFraudAndSecurity_RequestAccess -->
  <testcase classname="com.abacus.testsNotLoggedIn.Test_Solutions" name="verifyNonProfessionalOrAcademicEmailGivesErrorInMarketingAndSales_RequestAccess" time="0.011">
    <failure type="java.lang.NullPointerException" message="Cannot invoke &amp;quot;org.openqa.selenium.TakesScreenshot.getScreenshotAs(org.openqa.selenium.OutputType)&amp;quot; because the return value of &amp;quot;com.abacus.base.BaseClass.getDriver()&amp;quot; is null">
      <![CDATA[java.lang.NullPointerException: Cannot invoke "org.openqa.selenium.TakesScreenshot.getScreenshotAs(org.openqa.selenium.OutputType)" because the return value of "com.abacus.base.BaseClass.getDriver()" is null
at com.abacus.listeners.ExtentManager.captureScreenshot(ExtentManager.java:45)
at com.abacus.listeners.ExtentListeners.captureErrorAndScreenshot(ExtentListeners.java:175)
at com.abacus.errorCollectors.ErrorCollector.verifyTrue(ErrorCollector.java:107)
at com.abacus.testsNotLoggedIn.Test_Solutions.verifyNonProfessionalOrAcademicEmailGivesErrorInMarketingAndSales_RequestAccess(Test_Solutions.java:847)
at java.base/java.util.ArrayList.forEach(ArrayList.java:1511)
... Removed 25 stack frames]]>
    </failure>
  </testcase> <!-- verifyNonProfessionalOrAcademicEmailGivesErrorInMarketingAndSales_RequestAccess -->
  <testcase classname="com.abacus.testsNotLoggedIn.Test_Solutions" name="verifyNonProfessionalOrAcademicEmailGivesErrorInNaturalLanguaeProcessing_RequestAccess" time="0.01">
    <failure type="java.lang.NullPointerException" message="Cannot invoke &amp;quot;org.openqa.selenium.TakesScreenshot.getScreenshotAs(org.openqa.selenium.OutputType)&amp;quot; because the return value of &amp;quot;com.abacus.base.BaseClass.getDriver()&amp;quot; is null">
      <![CDATA[java.lang.NullPointerException: Cannot invoke "org.openqa.selenium.TakesScreenshot.getScreenshotAs(org.openqa.selenium.OutputType)" because the return value of "com.abacus.base.BaseClass.getDriver()" is null
at com.abacus.listeners.ExtentManager.captureScreenshot(ExtentManager.java:45)
at com.abacus.listeners.ExtentListeners.captureErrorAndScreenshot(ExtentListeners.java:175)
at com.abacus.errorCollectors.ErrorCollector.verifyTrue(ErrorCollector.java:107)
at com.abacus.testsNotLoggedIn.Test_Solutions.verifyNonProfessionalOrAcademicEmailGivesErrorInNaturalLanguaeProcessing_RequestAccess(Test_Solutions.java:967)
at java.base/java.util.ArrayList.forEach(ArrayList.java:1511)
... Removed 25 stack frames]]>
    </failure>
  </testcase> <!-- verifyNonProfessionalOrAcademicEmailGivesErrorInNaturalLanguaeProcessing_RequestAccess -->
  <testcase classname="com.abacus.testsNotLoggedIn.Test_Solutions" name="verifyNonProfessionalOrAcademicEmailGivesErrorInPersonalizationAi_RequestAccess" time="0.028">
    <failure type="java.lang.NullPointerException" message="Cannot invoke &amp;quot;org.openqa.selenium.TakesScreenshot.getScreenshotAs(org.openqa.selenium.OutputType)&amp;quot; because the return value of &amp;quot;com.abacus.base.BaseClass.getDriver()&amp;quot; is null">
      <![CDATA[java.lang.NullPointerException: Cannot invoke "org.openqa.selenium.TakesScreenshot.getScreenshotAs(org.openqa.selenium.OutputType)" because the return value of "com.abacus.base.BaseClass.getDriver()" is null
at com.abacus.listeners.ExtentManager.captureScreenshot(ExtentManager.java:45)
at com.abacus.listeners.ExtentListeners.captureErrorAndScreenshot(ExtentListeners.java:175)
at com.abacus.errorCollectors.ErrorCollector.verifyTrue(ErrorCollector.java:107)
at com.abacus.testsNotLoggedIn.Test_Solutions.verifyNonProfessionalOrAcademicEmailGivesErrorInPersonalizationAi_RequestAccess(Test_Solutions.java:1086)
at java.base/java.util.ArrayList.forEach(ArrayList.java:1511)
... Removed 25 stack frames]]>
    </failure>
  </testcase> <!-- verifyNonProfessionalOrAcademicEmailGivesErrorInPersonalizationAi_RequestAccess -->
  <testcase classname="com.abacus.testsNotLoggedIn.Test_Solutions" name="verifyNonProfessionalOrAcademicEmailGivesErrorInPredictiveModeling_RequestAccess" time="0.008">
    <failure type="java.lang.NullPointerException" message="Cannot invoke &amp;quot;org.openqa.selenium.TakesScreenshot.getScreenshotAs(org.openqa.selenium.OutputType)&amp;quot; because the return value of &amp;quot;com.abacus.base.BaseClass.getDriver()&amp;quot; is null">
      <![CDATA[java.lang.NullPointerException: Cannot invoke "org.openqa.selenium.TakesScreenshot.getScreenshotAs(org.openqa.selenium.OutputType)" because the return value of "com.abacus.base.BaseClass.getDriver()" is null
at com.abacus.listeners.ExtentManager.captureScreenshot(ExtentManager.java:45)
at com.abacus.listeners.ExtentListeners.captureErrorAndScreenshot(ExtentListeners.java:175)
at com.abacus.errorCollectors.ErrorCollector.verifyTrue(ErrorCollector.java:107)
at com.abacus.testsNotLoggedIn.Test_Solutions.verifyNonProfessionalOrAcademicEmailGivesErrorInPredictiveModeling_RequestAccess(Test_Solutions.java:1206)
at java.base/java.util.ArrayList.forEach(ArrayList.java:1511)
... Removed 25 stack frames]]>
    </failure>
  </testcase> <!-- verifyNonProfessionalOrAcademicEmailGivesErrorInPredictiveModeling_RequestAccess -->
  <testcase classname="com.abacus.testsNotLoggedIn.Test_Solutions" name="verifyNonProfessionalOrAcademicEmailGivesErrorInchatllm_RequestAccess" time="0.012">
    <failure type="java.lang.NullPointerException" message="Cannot invoke &amp;quot;org.openqa.selenium.TakesScreenshot.getScreenshotAs(org.openqa.selenium.OutputType)&amp;quot; because the return value of &amp;quot;com.abacus.base.BaseClass.getDriver()&amp;quot; is null">
      <![CDATA[java.lang.NullPointerException: Cannot invoke "org.openqa.selenium.TakesScreenshot.getScreenshotAs(org.openqa.selenium.OutputType)" because the return value of "com.abacus.base.BaseClass.getDriver()" is null
at com.abacus.listeners.ExtentManager.captureScreenshot(ExtentManager.java:45)
at com.abacus.listeners.ExtentListeners.captureErrorAndScreenshot(ExtentListeners.java:175)
at com.abacus.errorCollectors.ErrorCollector.verifyTrue(ErrorCollector.java:107)
at com.abacus.testsNotLoggedIn.Test_Solutions.verifyNonProfessionalOrAcademicEmailGivesErrorInchatllm_RequestAccess(Test_Solutions.java:1445)
at java.base/java.util.ArrayList.forEach(ArrayList.java:1511)
... Removed 25 stack frames]]>
    </failure>
  </testcase> <!-- verifyNonProfessionalOrAcademicEmailGivesErrorInchatllm_RequestAccess -->
  <testcase classname="com.abacus.testsNotLoggedIn.Test_Solutions" name="verifyNonProfessionalOrAcademicEmailGivesErrorInvisionAi_RequestAccess" time="0.008">
    <failure type="java.lang.NullPointerException" message="Cannot invoke &amp;quot;org.openqa.selenium.TakesScreenshot.getScreenshotAs(org.openqa.selenium.OutputType)&amp;quot; because the return value of &amp;quot;com.abacus.base.BaseClass.getDriver()&amp;quot; is null">
      <![CDATA[java.lang.NullPointerException: Cannot invoke "org.openqa.selenium.TakesScreenshot.getScreenshotAs(org.openqa.selenium.OutputType)" because the return value of "com.abacus.base.BaseClass.getDriver()" is null
at com.abacus.listeners.ExtentManager.captureScreenshot(ExtentManager.java:45)
at com.abacus.listeners.ExtentListeners.captureErrorAndScreenshot(ExtentListeners.java:175)
at com.abacus.errorCollectors.ErrorCollector.verifyTrue(ErrorCollector.java:107)
at com.abacus.testsNotLoggedIn.Test_Solutions.verifyNonProfessionalOrAcademicEmailGivesErrorInvisionAi_RequestAccess(Test_Solutions.java:1328)
at java.base/java.util.ArrayList.forEach(ArrayList.java:1511)
... Removed 25 stack frames]]>
    </failure>
  </testcase> <!-- verifyNonProfessionalOrAcademicEmailGivesErrorInvisionAi_RequestAccess -->
  <testcase classname="com.abacus.testsNotLoggedIn.Test_Solutions" name="verifyUserIsAbleToOpenSolutionsFromNavBar" time="0.007">
    <failure type="java.lang.NullPointerException" message="Cannot invoke &amp;quot;org.openqa.selenium.TakesScreenshot.getScreenshotAs(org.openqa.selenium.OutputType)&amp;quot; because the return value of &amp;quot;com.abacus.base.BaseClass.getDriver()&amp;quot; is null">
      <![CDATA[java.lang.NullPointerException: Cannot invoke "org.openqa.selenium.TakesScreenshot.getScreenshotAs(org.openqa.selenium.OutputType)" because the return value of "com.abacus.base.BaseClass.getDriver()" is null
at com.abacus.listeners.ExtentManager.captureScreenshot(ExtentManager.java:45)
at com.abacus.listeners.ExtentListeners.captureErrorAndScreenshot(ExtentListeners.java:175)
at com.abacus.errorCollectors.ErrorCollector.verifyTrue(ErrorCollector.java:107)
at com.abacus.testsNotLoggedIn.Test_Solutions.verifyUserIsAbleToOpenSolutionsFromNavBar(Test_Solutions.java:38)
at java.base/java.util.ArrayList.forEach(ArrayList.java:1511)
... Removed 25 stack frames]]>
    </failure>
  </testcase> <!-- verifyUserIsAbleToOpenSolutionsFromNavBar -->
  <testcase classname="com.abacus.testsNotLoggedIn.Test_Solutions" name="verifyUserIsAbleToSubmitRequestAccessFormChatLLMWithCorporateEmail" time="0.009">
    <failure type="java.lang.NullPointerException" message="Cannot invoke &amp;quot;org.openqa.selenium.TakesScreenshot.getScreenshotAs(org.openqa.selenium.OutputType)&amp;quot; because the return value of &amp;quot;com.abacus.base.BaseClass.getDriver()&amp;quot; is null">
      <![CDATA[java.lang.NullPointerException: Cannot invoke "org.openqa.selenium.TakesScreenshot.getScreenshotAs(org.openqa.selenium.OutputType)" because the return value of "com.abacus.base.BaseClass.getDriver()" is null
at com.abacus.listeners.ExtentManager.captureScreenshot(ExtentManager.java:45)
at com.abacus.listeners.ExtentListeners.captureErrorAndScreenshot(ExtentListeners.java:175)
at com.abacus.errorCollectors.ErrorCollector.verifyTrue(ErrorCollector.java:107)
at com.abacus.testsNotLoggedIn.Test_Solutions.verifyUserIsAbleToSubmitRequestAccessFormChatLLMWithCorporateEmail(Test_Solutions.java:1386)
at java.base/java.util.ArrayList.forEach(ArrayList.java:1511)
... Removed 25 stack frames]]>
    </failure>
  </testcase> <!-- verifyUserIsAbleToSubmitRequestAccessFormChatLLMWithCorporateEmail -->
  <testcase classname="com.abacus.testsNotLoggedIn.Test_Solutions" name="verifyUserIsAbleToSubmitRequestAccessFormInAIFotItOperationsWithCorporateEmail" time="0.008">
    <failure type="java.lang.NullPointerException" message="Cannot invoke &amp;quot;org.openqa.selenium.TakesScreenshot.getScreenshotAs(org.openqa.selenium.OutputType)&amp;quot; because the return value of &amp;quot;com.abacus.base.BaseClass.getDriver()&amp;quot; is null">
      <![CDATA[java.lang.NullPointerException: Cannot invoke "org.openqa.selenium.TakesScreenshot.getScreenshotAs(org.openqa.selenium.OutputType)" because the return value of "com.abacus.base.BaseClass.getDriver()" is null
at com.abacus.listeners.ExtentManager.captureScreenshot(ExtentManager.java:45)
at com.abacus.listeners.ExtentListeners.captureErrorAndScreenshot(ExtentListeners.java:175)
at com.abacus.errorCollectors.ErrorCollector.verifyTrue(ErrorCollector.java:107)
at com.abacus.testsNotLoggedIn.Test_Solutions.verifyUserIsAbleToSubmitRequestAccessFormInAIFotItOperationsWithCorporateEmail(Test_Solutions.java:186)
at java.base/java.util.ArrayList.forEach(ArrayList.java:1511)
... Removed 25 stack frames]]>
    </failure>
  </testcase> <!-- verifyUserIsAbleToSubmitRequestAccessFormInAIFotItOperationsWithCorporateEmail -->
  <testcase classname="com.abacus.testsNotLoggedIn.Test_Solutions" name="verifyUserIsAbleToSubmitRequestAccessFormInAnomalyDetctionWithCorporateEmail" time="0.013">
    <failure type="java.lang.NullPointerException" message="Cannot invoke &amp;quot;org.openqa.selenium.TakesScreenshot.getScreenshotAs(org.openqa.selenium.OutputType)&amp;quot; because the return value of &amp;quot;com.abacus.base.BaseClass.getDriver()&amp;quot; is null">
      <![CDATA[java.lang.NullPointerException: Cannot invoke "org.openqa.selenium.TakesScreenshot.getScreenshotAs(org.openqa.selenium.OutputType)" because the return value of "com.abacus.base.BaseClass.getDriver()" is null
at com.abacus.listeners.ExtentManager.captureScreenshot(ExtentManager.java:45)
at com.abacus.listeners.ExtentListeners.captureErrorAndScreenshot(ExtentListeners.java:175)
at com.abacus.errorCollectors.ErrorCollector.verifyTrue(ErrorCollector.java:107)
at com.abacus.testsNotLoggedIn.Test_Solutions.verifyUserIsAbleToSubmitRequestAccessFormInAnomalyDetctionWithCorporateEmail(Test_Solutions.java:63)
at java.base/java.util.ArrayList.forEach(ArrayList.java:1511)
... Removed 25 stack frames]]>
    </failure>
  </testcase> <!-- verifyUserIsAbleToSubmitRequestAccessFormInAnomalyDetctionWithCorporateEmail -->
  <testcase classname="com.abacus.testsNotLoggedIn.Test_Solutions" name="verifyUserIsAbleToSubmitRequestAccessFormInDiscreteOptimizationWithCorporateEmail" time="0.008">
    <failure type="java.lang.NullPointerException" message="Cannot invoke &amp;quot;org.openqa.selenium.TakesScreenshot.getScreenshotAs(org.openqa.selenium.OutputType)&amp;quot; because the return value of &amp;quot;com.abacus.base.BaseClass.getDriver()&amp;quot; is null">
      <![CDATA[java.lang.NullPointerException: Cannot invoke "org.openqa.selenium.TakesScreenshot.getScreenshotAs(org.openqa.selenium.OutputType)" because the return value of "com.abacus.base.BaseClass.getDriver()" is null
at com.abacus.listeners.ExtentManager.captureScreenshot(ExtentManager.java:45)
at com.abacus.listeners.ExtentListeners.captureErrorAndScreenshot(ExtentListeners.java:175)
at com.abacus.errorCollectors.ErrorCollector.verifyTrue(ErrorCollector.java:107)
at com.abacus.testsNotLoggedIn.Test_Solutions.verifyUserIsAbleToSubmitRequestAccessFormInDiscreteOptimizationWithCorporateEmail(Test_Solutions.java:306)
at java.base/java.util.ArrayList.forEach(ArrayList.java:1511)
... Removed 25 stack frames]]>
    </failure>
  </testcase> <!-- verifyUserIsAbleToSubmitRequestAccessFormInDiscreteOptimizationWithCorporateEmail -->
  <testcase classname="com.abacus.testsNotLoggedIn.Test_Solutions" name="verifyUserIsAbleToSubmitRequestAccessFormInForcastingAndPlanningWithCorporateEmail" time="0.008">
    <failure type="java.lang.NullPointerException" message="Cannot invoke &amp;quot;org.openqa.selenium.TakesScreenshot.getScreenshotAs(org.openqa.selenium.OutputType)&amp;quot; because the return value of &amp;quot;com.abacus.base.BaseClass.getDriver()&amp;quot; is null">
      <![CDATA[java.lang.NullPointerException: Cannot invoke "org.openqa.selenium.TakesScreenshot.getScreenshotAs(org.openqa.selenium.OutputType)" because the return value of "com.abacus.base.BaseClass.getDriver()" is null
at com.abacus.listeners.ExtentManager.captureScreenshot(ExtentManager.java:45)
at com.abacus.listeners.ExtentListeners.captureErrorAndScreenshot(ExtentListeners.java:175)
at com.abacus.errorCollectors.ErrorCollector.verifyTrue(ErrorCollector.java:107)
at com.abacus.testsNotLoggedIn.Test_Solutions.verifyUserIsAbleToSubmitRequestAccessFormInForcastingAndPlanningWithCorporateEmail(Test_Solutions.java:426)
at java.base/java.util.ArrayList.forEach(ArrayList.java:1511)
... Removed 25 stack frames]]>
    </failure>
  </testcase> <!-- verifyUserIsAbleToSubmitRequestAccessFormInForcastingAndPlanningWithCorporateEmail -->
  <testcase classname="com.abacus.testsNotLoggedIn.Test_Solutions" name="verifyUserIsAbleToSubmitRequestAccessFormInFoundationModelsWithCorporateEmail" time="0.006">
    <failure type="java.lang.NullPointerException" message="Cannot invoke &amp;quot;org.openqa.selenium.TakesScreenshot.getScreenshotAs(org.openqa.selenium.OutputType)&amp;quot; because the return value of &amp;quot;com.abacus.base.BaseClass.getDriver()&amp;quot; is null">
      <![CDATA[java.lang.NullPointerException: Cannot invoke "org.openqa.selenium.TakesScreenshot.getScreenshotAs(org.openqa.selenium.OutputType)" because the return value of "com.abacus.base.BaseClass.getDriver()" is null
at com.abacus.listeners.ExtentManager.captureScreenshot(ExtentManager.java:45)
at com.abacus.listeners.ExtentListeners.captureErrorAndScreenshot(ExtentListeners.java:175)
at com.abacus.errorCollectors.ErrorCollector.verifyTrue(ErrorCollector.java:107)
at com.abacus.testsNotLoggedIn.Test_Solutions.verifyUserIsAbleToSubmitRequestAccessFormInFoundationModelsWithCorporateEmail(Test_Solutions.java:546)
at java.base/java.util.ArrayList.forEach(ArrayList.java:1511)
... Removed 25 stack frames]]>
    </failure>
  </testcase> <!-- verifyUserIsAbleToSubmitRequestAccessFormInFoundationModelsWithCorporateEmail -->
  <testcase classname="com.abacus.testsNotLoggedIn.Test_Solutions" name="verifyUserIsAbleToSubmitRequestAccessFormInFraudAndSecurityWithCorporateEmail" time="0.008">
    <failure type="java.lang.NullPointerException" message="Cannot invoke &amp;quot;org.openqa.selenium.TakesScreenshot.getScreenshotAs(org.openqa.selenium.OutputType)&amp;quot; because the return value of &amp;quot;com.abacus.base.BaseClass.getDriver()&amp;quot; is null">
      <![CDATA[java.lang.NullPointerException: Cannot invoke "org.openqa.selenium.TakesScreenshot.getScreenshotAs(org.openqa.selenium.OutputType)" because the return value of "com.abacus.base.BaseClass.getDriver()" is null
at com.abacus.listeners.ExtentManager.captureScreenshot(ExtentManager.java:45)
at com.abacus.listeners.ExtentListeners.captureErrorAndScreenshot(ExtentListeners.java:175)
at com.abacus.errorCollectors.ErrorCollector.verifyTrue(ErrorCollector.java:107)
at com.abacus.testsNotLoggedIn.Test_Solutions.verifyUserIsAbleToSubmitRequestAccessFormInFraudAndSecurityWithCorporateEmail(Test_Solutions.java:667)
at java.base/java.util.ArrayList.forEach(ArrayList.java:1511)
... Removed 25 stack frames]]>
    </failure>
  </testcase> <!-- verifyUserIsAbleToSubmitRequestAccessFormInFraudAndSecurityWithCorporateEmail -->
  <testcase classname="com.abacus.testsNotLoggedIn.Test_Solutions" name="verifyUserIsAbleToSubmitRequestAccessFormInMarketingAndSalesWithCorporateEmail" time="0.011">
    <failure type="java.lang.NullPointerException" message="Cannot invoke &amp;quot;org.openqa.selenium.TakesScreenshot.getScreenshotAs(org.openqa.selenium.OutputType)&amp;quot; because the return value of &amp;quot;com.abacus.base.BaseClass.getDriver()&amp;quot; is null">
      <![CDATA[java.lang.NullPointerException: Cannot invoke "org.openqa.selenium.TakesScreenshot.getScreenshotAs(org.openqa.selenium.OutputType)" because the return value of "com.abacus.base.BaseClass.getDriver()" is null
at com.abacus.listeners.ExtentManager.captureScreenshot(ExtentManager.java:45)
at com.abacus.listeners.ExtentListeners.captureErrorAndScreenshot(ExtentListeners.java:175)
at com.abacus.errorCollectors.ErrorCollector.verifyTrue(ErrorCollector.java:107)
at com.abacus.testsNotLoggedIn.Test_Solutions.verifyUserIsAbleToSubmitRequestAccessFormInMarketingAndSalesWithCorporateEmail(Test_Solutions.java:787)
at java.base/java.util.ArrayList.forEach(ArrayList.java:1511)
... Removed 25 stack frames]]>
    </failure>
  </testcase> <!-- verifyUserIsAbleToSubmitRequestAccessFormInMarketingAndSalesWithCorporateEmail -->
  <testcase classname="com.abacus.testsNotLoggedIn.Test_Solutions" name="verifyUserIsAbleToSubmitRequestAccessFormInNaturalLanguaeProcessingWithCorporateEmail" time="0.009">
    <failure type="java.lang.NullPointerException" message="Cannot invoke &amp;quot;org.openqa.selenium.TakesScreenshot.getScreenshotAs(org.openqa.selenium.OutputType)&amp;quot; because the return value of &amp;quot;com.abacus.base.BaseClass.getDriver()&amp;quot; is null">
      <![CDATA[java.lang.NullPointerException: Cannot invoke "org.openqa.selenium.TakesScreenshot.getScreenshotAs(org.openqa.selenium.OutputType)" because the return value of "com.abacus.base.BaseClass.getDriver()" is null
at com.abacus.listeners.ExtentManager.captureScreenshot(ExtentManager.java:45)
at com.abacus.listeners.ExtentListeners.captureErrorAndScreenshot(ExtentListeners.java:175)
at com.abacus.errorCollectors.ErrorCollector.verifyTrue(ErrorCollector.java:107)
at com.abacus.testsNotLoggedIn.Test_Solutions.verifyUserIsAbleToSubmitRequestAccessFormInNaturalLanguaeProcessingWithCorporateEmail(Test_Solutions.java:907)
at java.base/java.util.ArrayList.forEach(ArrayList.java:1511)
... Removed 25 stack frames]]>
    </failure>
  </testcase> <!-- verifyUserIsAbleToSubmitRequestAccessFormInNaturalLanguaeProcessingWithCorporateEmail -->
  <testcase classname="com.abacus.testsNotLoggedIn.Test_Solutions" name="verifyUserIsAbleToSubmitRequestAccessFormInPersonalizationAiWithCorporateEmail" time="0.009">
    <failure type="java.lang.NullPointerException" message="Cannot invoke &amp;quot;org.openqa.selenium.TakesScreenshot.getScreenshotAs(org.openqa.selenium.OutputType)&amp;quot; because the return value of &amp;quot;com.abacus.base.BaseClass.getDriver()&amp;quot; is null">
      <![CDATA[java.lang.NullPointerException: Cannot invoke "org.openqa.selenium.TakesScreenshot.getScreenshotAs(org.openqa.selenium.OutputType)" because the return value of "com.abacus.base.BaseClass.getDriver()" is null
at com.abacus.listeners.ExtentManager.captureScreenshot(ExtentManager.java:45)
at com.abacus.listeners.ExtentListeners.captureErrorAndScreenshot(ExtentListeners.java:175)
at com.abacus.errorCollectors.ErrorCollector.verifyTrue(ErrorCollector.java:107)
at com.abacus.testsNotLoggedIn.Test_Solutions.verifyUserIsAbleToSubmitRequestAccessFormInPersonalizationAiWithCorporateEmail(Test_Solutions.java:1027)
at java.base/java.util.ArrayList.forEach(ArrayList.java:1511)
... Removed 25 stack frames]]>
    </failure>
  </testcase> <!-- verifyUserIsAbleToSubmitRequestAccessFormInPersonalizationAiWithCorporateEmail -->
  <testcase classname="com.abacus.testsNotLoggedIn.Test_Solutions" name="verifyUserIsAbleToSubmitRequestAccessFormInPredictiveModelingWithCorporateEmail" time="0.01">
    <failure type="java.lang.NullPointerException" message="Cannot invoke &amp;quot;org.openqa.selenium.TakesScreenshot.getScreenshotAs(org.openqa.selenium.OutputType)&amp;quot; because the return value of &amp;quot;com.abacus.base.BaseClass.getDriver()&amp;quot; is null">
      <![CDATA[java.lang.NullPointerException: Cannot invoke "org.openqa.selenium.TakesScreenshot.getScreenshotAs(org.openqa.selenium.OutputType)" because the return value of "com.abacus.base.BaseClass.getDriver()" is null
at com.abacus.listeners.ExtentManager.captureScreenshot(ExtentManager.java:45)
at com.abacus.listeners.ExtentListeners.captureErrorAndScreenshot(ExtentListeners.java:175)
at com.abacus.errorCollectors.ErrorCollector.verifyTrue(ErrorCollector.java:107)
at com.abacus.testsNotLoggedIn.Test_Solutions.verifyUserIsAbleToSubmitRequestAccessFormInPredictiveModelingWithCorporateEmail(Test_Solutions.java:1146)
at java.base/java.util.ArrayList.forEach(ArrayList.java:1511)
... Removed 25 stack frames]]>
    </failure>
  </testcase> <!-- verifyUserIsAbleToSubmitRequestAccessFormInPredictiveModelingWithCorporateEmail -->
  <testcase classname="com.abacus.testsNotLoggedIn.Test_Solutions" name="verifyUserIsAbleToSubmitRequestAccessFormInvisionAiWithCorporateEmail" time="0.008">
    <failure type="java.lang.NullPointerException" message="Cannot invoke &amp;quot;org.openqa.selenium.TakesScreenshot.getScreenshotAs(org.openqa.selenium.OutputType)&amp;quot; because the return value of &amp;quot;com.abacus.base.BaseClass.getDriver()&amp;quot; is null">
      <![CDATA[java.lang.NullPointerException: Cannot invoke "org.openqa.selenium.TakesScreenshot.getScreenshotAs(org.openqa.selenium.OutputType)" because the return value of "com.abacus.base.BaseClass.getDriver()" is null
at com.abacus.listeners.ExtentManager.captureScreenshot(ExtentManager.java:45)
at com.abacus.listeners.ExtentListeners.captureErrorAndScreenshot(ExtentListeners.java:175)
at com.abacus.errorCollectors.ErrorCollector.verifyTrue(ErrorCollector.java:107)
at com.abacus.testsNotLoggedIn.Test_Solutions.verifyUserIsAbleToSubmitRequestAccessFormInvisionAiWithCorporateEmail(Test_Solutions.java:1268)
at java.base/java.util.ArrayList.forEach(ArrayList.java:1511)
... Removed 25 stack frames]]>
    </failure>
  </testcase> <!-- verifyUserIsAbleToSubmitRequestAccessFormInvisionAiWithCorporateEmail -->
  <testcase classname="com.abacus.testsNotLoggedIn.Test_Solutions" name="verifyUserIsAbleToSubmitRequestConsultationFormInChatLLMWithCorporateEmail" time="0.011">
    <failure type="java.lang.NullPointerException" message="Cannot invoke &amp;quot;org.openqa.selenium.TakesScreenshot.getScreenshotAs(org.openqa.selenium.OutputType)&amp;quot; because the return value of &amp;quot;com.abacus.base.BaseClass.getDriver()&amp;quot; is null">
      <![CDATA[java.lang.NullPointerException: Cannot invoke "org.openqa.selenium.TakesScreenshot.getScreenshotAs(org.openqa.selenium.OutputType)" because the return value of "com.abacus.base.BaseClass.getDriver()" is null
at com.abacus.listeners.ExtentManager.captureScreenshot(ExtentManager.java:45)
at com.abacus.listeners.ExtentListeners.captureErrorAndScreenshot(ExtentListeners.java:175)
at com.abacus.errorCollectors.ErrorCollector.verifyTrue(ErrorCollector.java:107)
at com.abacus.testsNotLoggedIn.Test_Solutions.verifyUserIsAbleToSubmitRequestConsultationFormInChatLLMWithCorporateEmail(Test_Solutions.java:2883)
at java.base/java.util.ArrayList.forEach(ArrayList.java:1511)
... Removed 25 stack frames]]>
    </failure>
  </testcase> <!-- verifyUserIsAbleToSubmitRequestConsultationFormInChatLLMWithCorporateEmail -->
  <testcase classname="com.abacus.testsNotLoggedIn.Test_Solutions" name="verifyUserIsAbleToSubmitRequestConsultationFormIn_AIAgents_WithCorporateEmail" time="0.01">
    <failure type="java.lang.NullPointerException" message="Cannot invoke &amp;quot;org.openqa.selenium.TakesScreenshot.getScreenshotAs(org.openqa.selenium.OutputType)&amp;quot; because the return value of &amp;quot;com.abacus.base.BaseClass.getDriver()&amp;quot; is null">
      <![CDATA[java.lang.NullPointerException: Cannot invoke "org.openqa.selenium.TakesScreenshot.getScreenshotAs(org.openqa.selenium.OutputType)" because the return value of "com.abacus.base.BaseClass.getDriver()" is null
at com.abacus.listeners.ExtentManager.captureScreenshot(ExtentManager.java:45)
at com.abacus.listeners.ExtentListeners.captureErrorAndScreenshot(ExtentListeners.java:175)
at com.abacus.errorCollectors.ErrorCollector.verifyTrue(ErrorCollector.java:107)
at com.abacus.testsNotLoggedIn.Test_Solutions.verifyUserIsAbleToSubmitRequestConsultationFormIn_AIAgents_WithCorporateEmail(Test_Solutions.java:1630)
at java.base/java.util.ArrayList.forEach(ArrayList.java:1511)
... Removed 25 stack frames]]>
    </failure>
  </testcase> <!-- verifyUserIsAbleToSubmitRequestConsultationFormIn_AIAgents_WithCorporateEmail -->
  <testcase classname="com.abacus.testsNotLoggedIn.Test_Solutions" name="verifyUserIsAbleToSubmitRequestConsultationFormIn_AnomalyDetction_WithCorporateEmail" time="0.01">
    <failure type="java.lang.NullPointerException" message="Cannot invoke &amp;quot;org.openqa.selenium.TakesScreenshot.getScreenshotAs(org.openqa.selenium.OutputType)&amp;quot; because the return value of &amp;quot;com.abacus.base.BaseClass.getDriver()&amp;quot; is null">
      <![CDATA[java.lang.NullPointerException: Cannot invoke "org.openqa.selenium.TakesScreenshot.getScreenshotAs(org.openqa.selenium.OutputType)" because the return value of "com.abacus.base.BaseClass.getDriver()" is null
at com.abacus.listeners.ExtentManager.captureScreenshot(ExtentManager.java:45)
at com.abacus.listeners.ExtentListeners.captureErrorAndScreenshot(ExtentListeners.java:175)
at com.abacus.errorCollectors.ErrorCollector.verifyTrue(ErrorCollector.java:107)
at com.abacus.testsNotLoggedIn.Test_Solutions.verifyUserIsAbleToSubmitRequestConsultationFormIn_AnomalyDetction_WithCorporateEmail(Test_Solutions.java:1503)
at java.base/java.util.ArrayList.forEach(ArrayList.java:1511)
... Removed 25 stack frames]]>
    </failure>
  </testcase> <!-- verifyUserIsAbleToSubmitRequestConsultationFormIn_AnomalyDetction_WithCorporateEmail -->
  <testcase classname="com.abacus.testsNotLoggedIn.Test_Solutions" name="verifyUserIsAbleToSubmitRequestConsultationFormIn_DiscreteOptimization_WithCorporateEmail" time="0.011">
    <failure type="java.lang.NullPointerException" message="Cannot invoke &amp;quot;org.openqa.selenium.TakesScreenshot.getScreenshotAs(org.openqa.selenium.OutputType)&amp;quot; because the return value of &amp;quot;com.abacus.base.BaseClass.getDriver()&amp;quot; is null">
      <![CDATA[java.lang.NullPointerException: Cannot invoke "org.openqa.selenium.TakesScreenshot.getScreenshotAs(org.openqa.selenium.OutputType)" because the return value of "com.abacus.base.BaseClass.getDriver()" is null
at com.abacus.listeners.ExtentManager.captureScreenshot(ExtentManager.java:45)
at com.abacus.listeners.ExtentListeners.captureErrorAndScreenshot(ExtentListeners.java:175)
at com.abacus.errorCollectors.ErrorCollector.verifyTrue(ErrorCollector.java:107)
at com.abacus.testsNotLoggedIn.Test_Solutions.verifyUserIsAbleToSubmitRequestConsultationFormIn_DiscreteOptimization_WithCorporateEmail(Test_Solutions.java:1754)
at java.base/java.util.ArrayList.forEach(ArrayList.java:1511)
... Removed 25 stack frames]]>
    </failure>
  </testcase> <!-- verifyUserIsAbleToSubmitRequestConsultationFormIn_DiscreteOptimization_WithCorporateEmail -->
  <testcase classname="com.abacus.testsNotLoggedIn.Test_Solutions" name="verifyUserIsAbleToSubmitRequestConsultationFormIn_ForcastingAndPlanning_WithCorporateEmail" time="0.007">
    <failure type="java.lang.NullPointerException" message="Cannot invoke &amp;quot;org.openqa.selenium.TakesScreenshot.getScreenshotAs(org.openqa.selenium.OutputType)&amp;quot; because the return value of &amp;quot;com.abacus.base.BaseClass.getDriver()&amp;quot; is null">
      <![CDATA[java.lang.NullPointerException: Cannot invoke "org.openqa.selenium.TakesScreenshot.getScreenshotAs(org.openqa.selenium.OutputType)" because the return value of "com.abacus.base.BaseClass.getDriver()" is null
at com.abacus.listeners.ExtentManager.captureScreenshot(ExtentManager.java:45)
at com.abacus.listeners.ExtentListeners.captureErrorAndScreenshot(ExtentListeners.java:175)
at com.abacus.errorCollectors.ErrorCollector.verifyTrue(ErrorCollector.java:107)
at com.abacus.testsNotLoggedIn.Test_Solutions.verifyUserIsAbleToSubmitRequestConsultationFormIn_ForcastingAndPlanning_WithCorporateEmail(Test_Solutions.java:1879)
at java.base/java.util.ArrayList.forEach(ArrayList.java:1511)
... Removed 25 stack frames]]>
    </failure>
  </testcase> <!-- verifyUserIsAbleToSubmitRequestConsultationFormIn_ForcastingAndPlanning_WithCorporateEmail -->
  <testcase classname="com.abacus.testsNotLoggedIn.Test_Solutions" name="verifyUserIsAbleToSubmitRequestConsultationFormIn_FoundationModels_WithCorporateEmail" time="0.013">
    <failure type="java.lang.NullPointerException" message="Cannot invoke &amp;quot;org.openqa.selenium.TakesScreenshot.getScreenshotAs(org.openqa.selenium.OutputType)&amp;quot; because the return value of &amp;quot;com.abacus.base.BaseClass.getDriver()&amp;quot; is null">
      <![CDATA[java.lang.NullPointerException: Cannot invoke "org.openqa.selenium.TakesScreenshot.getScreenshotAs(org.openqa.selenium.OutputType)" because the return value of "com.abacus.base.BaseClass.getDriver()" is null
at com.abacus.listeners.ExtentManager.captureScreenshot(ExtentManager.java:45)
at com.abacus.listeners.ExtentListeners.captureErrorAndScreenshot(ExtentListeners.java:175)
at com.abacus.errorCollectors.ErrorCollector.verifyTrue(ErrorCollector.java:107)
at com.abacus.testsNotLoggedIn.Test_Solutions.verifyUserIsAbleToSubmitRequestConsultationFormIn_FoundationModels_WithCorporateEmail(Test_Solutions.java:2004)
at java.base/java.util.ArrayList.forEach(ArrayList.java:1511)
... Removed 25 stack frames]]>
    </failure>
  </testcase> <!-- verifyUserIsAbleToSubmitRequestConsultationFormIn_FoundationModels_WithCorporateEmail -->
  <testcase classname="com.abacus.testsNotLoggedIn.Test_Solutions" name="verifyUserIsAbleToSubmitRequestConsultationFormIn_FraudAndSecurity_WithCorporateEmail" time="0.008">
    <failure type="java.lang.NullPointerException" message="Cannot invoke &amp;quot;org.openqa.selenium.TakesScreenshot.getScreenshotAs(org.openqa.selenium.OutputType)&amp;quot; because the return value of &amp;quot;com.abacus.base.BaseClass.getDriver()&amp;quot; is null">
      <![CDATA[java.lang.NullPointerException: Cannot invoke "org.openqa.selenium.TakesScreenshot.getScreenshotAs(org.openqa.selenium.OutputType)" because the return value of "com.abacus.base.BaseClass.getDriver()" is null
at com.abacus.listeners.ExtentManager.captureScreenshot(ExtentManager.java:45)
at com.abacus.listeners.ExtentListeners.captureErrorAndScreenshot(ExtentListeners.java:175)
at com.abacus.errorCollectors.ErrorCollector.verifyTrue(ErrorCollector.java:107)
at com.abacus.testsNotLoggedIn.Test_Solutions.verifyUserIsAbleToSubmitRequestConsultationFormIn_FraudAndSecurity_WithCorporateEmail(Test_Solutions.java:2129)
at java.base/java.util.ArrayList.forEach(ArrayList.java:1511)
... Removed 25 stack frames]]>
    </failure>
  </testcase> <!-- verifyUserIsAbleToSubmitRequestConsultationFormIn_FraudAndSecurity_WithCorporateEmail -->
  <testcase classname="com.abacus.testsNotLoggedIn.Test_Solutions" name="verifyUserIsAbleToSubmitRequestConsultationFormIn_MarketingAndSales_WithCorporateEmail" time="0.008">
    <failure type="java.lang.NullPointerException" message="Cannot invoke &amp;quot;org.openqa.selenium.TakesScreenshot.getScreenshotAs(org.openqa.selenium.OutputType)&amp;quot; because the return value of &amp;quot;com.abacus.base.BaseClass.getDriver()&amp;quot; is null">
      <![CDATA[java.lang.NullPointerException: Cannot invoke "org.openqa.selenium.TakesScreenshot.getScreenshotAs(org.openqa.selenium.OutputType)" because the return value of "com.abacus.base.BaseClass.getDriver()" is null
at com.abacus.listeners.ExtentManager.captureScreenshot(ExtentManager.java:45)
at com.abacus.listeners.ExtentListeners.captureErrorAndScreenshot(ExtentListeners.java:175)
at com.abacus.errorCollectors.ErrorCollector.verifyTrue(ErrorCollector.java:107)
at com.abacus.testsNotLoggedIn.Test_Solutions.verifyUserIsAbleToSubmitRequestConsultationFormIn_MarketingAndSales_WithCorporateEmail(Test_Solutions.java:2254)
at java.base/java.util.ArrayList.forEach(ArrayList.java:1511)
... Removed 25 stack frames]]>
    </failure>
  </testcase> <!-- verifyUserIsAbleToSubmitRequestConsultationFormIn_MarketingAndSales_WithCorporateEmail -->
  <testcase classname="com.abacus.testsNotLoggedIn.Test_Solutions" name="verifyUserIsAbleToSubmitRequestConsultationFormIn_NaturalLanguaeProcessing_WithCorporateEmail" time="0.009">
    <failure type="java.lang.NullPointerException" message="Cannot invoke &amp;quot;org.openqa.selenium.TakesScreenshot.getScreenshotAs(org.openqa.selenium.OutputType)&amp;quot; because the return value of &amp;quot;com.abacus.base.BaseClass.getDriver()&amp;quot; is null">
      <![CDATA[java.lang.NullPointerException: Cannot invoke "org.openqa.selenium.TakesScreenshot.getScreenshotAs(org.openqa.selenium.OutputType)" because the return value of "com.abacus.base.BaseClass.getDriver()" is null
at com.abacus.listeners.ExtentManager.captureScreenshot(ExtentManager.java:45)
at com.abacus.listeners.ExtentListeners.captureErrorAndScreenshot(ExtentListeners.java:175)
at com.abacus.errorCollectors.ErrorCollector.verifyTrue(ErrorCollector.java:107)
at com.abacus.testsNotLoggedIn.Test_Solutions.verifyUserIsAbleToSubmitRequestConsultationFormIn_NaturalLanguaeProcessing_WithCorporateEmail(Test_Solutions.java:2380)
at java.base/java.util.ArrayList.forEach(ArrayList.java:1511)
... Removed 25 stack frames]]>
    </failure>
  </testcase> <!-- verifyUserIsAbleToSubmitRequestConsultationFormIn_NaturalLanguaeProcessing_WithCorporateEmail -->
  <testcase classname="com.abacus.testsNotLoggedIn.Test_Solutions" name="verifyUserIsAbleToSubmitRequestConsultationFormIn_PersonalizationAi_WithCorporateEmail" time="0.007">
    <failure type="java.lang.NullPointerException" message="Cannot invoke &amp;quot;org.openqa.selenium.TakesScreenshot.getScreenshotAs(org.openqa.selenium.OutputType)&amp;quot; because the return value of &amp;quot;com.abacus.base.BaseClass.getDriver()&amp;quot; is null">
      <![CDATA[java.lang.NullPointerException: Cannot invoke "org.openqa.selenium.TakesScreenshot.getScreenshotAs(org.openqa.selenium.OutputType)" because the return value of "com.abacus.base.BaseClass.getDriver()" is null
at com.abacus.listeners.ExtentManager.captureScreenshot(ExtentManager.java:45)
at com.abacus.listeners.ExtentListeners.captureErrorAndScreenshot(ExtentListeners.java:175)
at com.abacus.errorCollectors.ErrorCollector.verifyTrue(ErrorCollector.java:107)
at com.abacus.testsNotLoggedIn.Test_Solutions.verifyUserIsAbleToSubmitRequestConsultationFormIn_PersonalizationAi_WithCorporateEmail(Test_Solutions.java:2507)
at java.base/java.util.ArrayList.forEach(ArrayList.java:1511)
... Removed 25 stack frames]]>
    </failure>
  </testcase> <!-- verifyUserIsAbleToSubmitRequestConsultationFormIn_PersonalizationAi_WithCorporateEmail -->
  <testcase classname="com.abacus.testsNotLoggedIn.Test_Solutions" name="verifyUserIsAbleToSubmitRequestConsultationFormIn_PredictiveModeling_WithCorporateEmail" time="0.01">
    <failure type="java.lang.NullPointerException" message="Cannot invoke &amp;quot;org.openqa.selenium.TakesScreenshot.getScreenshotAs(org.openqa.selenium.OutputType)&amp;quot; because the return value of &amp;quot;com.abacus.base.BaseClass.getDriver()&amp;quot; is null">
      <![CDATA[java.lang.NullPointerException: Cannot invoke "org.openqa.selenium.TakesScreenshot.getScreenshotAs(org.openqa.selenium.OutputType)" because the return value of "com.abacus.base.BaseClass.getDriver()" is null
at com.abacus.listeners.ExtentManager.captureScreenshot(ExtentManager.java:45)
at com.abacus.listeners.ExtentListeners.captureErrorAndScreenshot(ExtentListeners.java:175)
at com.abacus.errorCollectors.ErrorCollector.verifyTrue(ErrorCollector.java:107)
at com.abacus.testsNotLoggedIn.Test_Solutions.verifyUserIsAbleToSubmitRequestConsultationFormIn_PredictiveModeling_WithCorporateEmail(Test_Solutions.java:2633)
at java.base/java.util.ArrayList.forEach(ArrayList.java:1511)
... Removed 25 stack frames]]>
    </failure>
  </testcase> <!-- verifyUserIsAbleToSubmitRequestConsultationFormIn_PredictiveModeling_WithCorporateEmail -->
  <testcase classname="com.abacus.testsNotLoggedIn.Test_Solutions" name="verifyUserIsAbleToSubmitRequestConsultationFormIn_visionAi_WithCorporateEmail" time="0.007">
    <failure type="java.lang.NullPointerException" message="Cannot invoke &amp;quot;org.openqa.selenium.TakesScreenshot.getScreenshotAs(org.openqa.selenium.OutputType)&amp;quot; because the return value of &amp;quot;com.abacus.base.BaseClass.getDriver()&amp;quot; is null">
      <![CDATA[java.lang.NullPointerException: Cannot invoke "org.openqa.selenium.TakesScreenshot.getScreenshotAs(org.openqa.selenium.OutputType)" because the return value of "com.abacus.base.BaseClass.getDriver()" is null
at com.abacus.listeners.ExtentManager.captureScreenshot(ExtentManager.java:45)
at com.abacus.listeners.ExtentListeners.captureErrorAndScreenshot(ExtentListeners.java:175)
at com.abacus.errorCollectors.ErrorCollector.verifyTrue(ErrorCollector.java:107)
at com.abacus.testsNotLoggedIn.Test_Solutions.verifyUserIsAbleToSubmitRequestConsultationFormIn_visionAi_WithCorporateEmail(Test_Solutions.java:2757)
at java.base/java.util.ArrayList.forEach(ArrayList.java:1511)
... Removed 25 stack frames]]>
    </failure>
  </testcase> <!-- verifyUserIsAbleToSubmitRequestConsultationFormIn_visionAi_WithCorporateEmail -->
  <testcase classname="com.abacus.testsNotLoggedIn.Test_Solutions" name="verifyUserIsNotAbleToSubmitRequestConsultationFormInChatLLMWithNonCorporateEmail" time="0.008">
    <failure type="java.lang.NullPointerException" message="Cannot invoke &amp;quot;org.openqa.selenium.TakesScreenshot.getScreenshotAs(org.openqa.selenium.OutputType)&amp;quot; because the return value of &amp;quot;com.abacus.base.BaseClass.getDriver()&amp;quot; is null">
      <![CDATA[java.lang.NullPointerException: Cannot invoke "org.openqa.selenium.TakesScreenshot.getScreenshotAs(org.openqa.selenium.OutputType)" because the return value of "com.abacus.base.BaseClass.getDriver()" is null
at com.abacus.listeners.ExtentManager.captureScreenshot(ExtentManager.java:45)
at com.abacus.listeners.ExtentListeners.captureErrorAndScreenshot(ExtentListeners.java:175)
at com.abacus.errorCollectors.ErrorCollector.verifyTrue(ErrorCollector.java:107)
at com.abacus.testsNotLoggedIn.Test_Solutions.verifyUserIsNotAbleToSubmitRequestConsultationFormInChatLLMWithNonCorporateEmail(Test_Solutions.java:2946)
at java.base/java.util.ArrayList.forEach(ArrayList.java:1511)
... Removed 25 stack frames]]>
    </failure>
  </testcase> <!-- verifyUserIsNotAbleToSubmitRequestConsultationFormInChatLLMWithNonCorporateEmail -->
  <testcase classname="com.abacus.testsNotLoggedIn.Test_Solutions" name="verifyUserIsNotAbleToSubmitRequestConsultationFormIn_AIAgents_WithNonCorporateEmail" time="0.008">
    <failure type="java.lang.NullPointerException" message="Cannot invoke &amp;quot;org.openqa.selenium.TakesScreenshot.getScreenshotAs(org.openqa.selenium.OutputType)&amp;quot; because the return value of &amp;quot;com.abacus.base.BaseClass.getDriver()&amp;quot; is null">
      <![CDATA[java.lang.NullPointerException: Cannot invoke "org.openqa.selenium.TakesScreenshot.getScreenshotAs(org.openqa.selenium.OutputType)" because the return value of "com.abacus.base.BaseClass.getDriver()" is null
at com.abacus.listeners.ExtentManager.captureScreenshot(ExtentManager.java:45)
at com.abacus.listeners.ExtentListeners.captureErrorAndScreenshot(ExtentListeners.java:175)
at com.abacus.errorCollectors.ErrorCollector.verifyTrue(ErrorCollector.java:107)
at com.abacus.testsNotLoggedIn.Test_Solutions.verifyUserIsNotAbleToSubmitRequestConsultationFormIn_AIAgents_WithNonCorporateEmail(Test_Solutions.java:1692)
at java.base/java.util.ArrayList.forEach(ArrayList.java:1511)
... Removed 25 stack frames]]>
    </failure>
  </testcase> <!-- verifyUserIsNotAbleToSubmitRequestConsultationFormIn_AIAgents_WithNonCorporateEmail -->
  <testcase classname="com.abacus.testsNotLoggedIn.Test_Solutions" name="verifyUserIsNotAbleToSubmitRequestConsultationFormIn_AnomalyDetction_WithNonCorporateEmail" time="0.008">
    <failure type="java.lang.NullPointerException" message="Cannot invoke &amp;quot;org.openqa.selenium.TakesScreenshot.getScreenshotAs(org.openqa.selenium.OutputType)&amp;quot; because the return value of &amp;quot;com.abacus.base.BaseClass.getDriver()&amp;quot; is null">
      <![CDATA[java.lang.NullPointerException: Cannot invoke "org.openqa.selenium.TakesScreenshot.getScreenshotAs(org.openqa.selenium.OutputType)" because the return value of "com.abacus.base.BaseClass.getDriver()" is null
at com.abacus.listeners.ExtentManager.captureScreenshot(ExtentManager.java:45)
at com.abacus.listeners.ExtentListeners.captureErrorAndScreenshot(ExtentListeners.java:175)
at com.abacus.errorCollectors.ErrorCollector.verifyTrue(ErrorCollector.java:107)
at com.abacus.testsNotLoggedIn.Test_Solutions.verifyUserIsNotAbleToSubmitRequestConsultationFormIn_AnomalyDetction_WithNonCorporateEmail(Test_Solutions.java:1568)
at java.base/java.util.ArrayList.forEach(ArrayList.java:1511)
... Removed 25 stack frames]]>
    </failure>
  </testcase> <!-- verifyUserIsNotAbleToSubmitRequestConsultationFormIn_AnomalyDetction_WithNonCorporateEmail -->
  <testcase classname="com.abacus.testsNotLoggedIn.Test_Solutions" name="verifyUserIsNotAbleToSubmitRequestConsultationFormIn_DiscreteOptimization_WithNonCorporateEmail" time="0.008">
    <failure type="java.lang.NullPointerException" message="Cannot invoke &amp;quot;org.openqa.selenium.TakesScreenshot.getScreenshotAs(org.openqa.selenium.OutputType)&amp;quot; because the return value of &amp;quot;com.abacus.base.BaseClass.getDriver()&amp;quot; is null">
      <![CDATA[java.lang.NullPointerException: Cannot invoke "org.openqa.selenium.TakesScreenshot.getScreenshotAs(org.openqa.selenium.OutputType)" because the return value of "com.abacus.base.BaseClass.getDriver()" is null
at com.abacus.listeners.ExtentManager.captureScreenshot(ExtentManager.java:45)
at com.abacus.listeners.ExtentListeners.captureErrorAndScreenshot(ExtentListeners.java:175)
at com.abacus.errorCollectors.ErrorCollector.verifyTrue(ErrorCollector.java:107)
at com.abacus.testsNotLoggedIn.Test_Solutions.verifyUserIsNotAbleToSubmitRequestConsultationFormIn_DiscreteOptimization_WithNonCorporateEmail(Test_Solutions.java:1817)
at java.base/java.util.ArrayList.forEach(ArrayList.java:1511)
... Removed 25 stack frames]]>
    </failure>
  </testcase> <!-- verifyUserIsNotAbleToSubmitRequestConsultationFormIn_DiscreteOptimization_WithNonCorporateEmail -->
  <testcase classname="com.abacus.testsNotLoggedIn.Test_Solutions" name="verifyUserIsNotAbleToSubmitRequestConsultationFormIn_ForcastingAndPlanning_WithNonCorporateEmail" time="0.01">
    <failure type="java.lang.NullPointerException" message="Cannot invoke &amp;quot;org.openqa.selenium.TakesScreenshot.getScreenshotAs(org.openqa.selenium.OutputType)&amp;quot; because the return value of &amp;quot;com.abacus.base.BaseClass.getDriver()&amp;quot; is null">
      <![CDATA[java.lang.NullPointerException: Cannot invoke "org.openqa.selenium.TakesScreenshot.getScreenshotAs(org.openqa.selenium.OutputType)" because the return value of "com.abacus.base.BaseClass.getDriver()" is null
at com.abacus.listeners.ExtentManager.captureScreenshot(ExtentManager.java:45)
at com.abacus.listeners.ExtentListeners.captureErrorAndScreenshot(ExtentListeners.java:175)
at com.abacus.errorCollectors.ErrorCollector.verifyTrue(ErrorCollector.java:107)
at com.abacus.testsNotLoggedIn.Test_Solutions.verifyUserIsNotAbleToSubmitRequestConsultationFormIn_ForcastingAndPlanning_WithNonCorporateEmail(Test_Solutions.java:1942)
at java.base/java.util.ArrayList.forEach(ArrayList.java:1511)
... Removed 25 stack frames]]>
    </failure>
  </testcase> <!-- verifyUserIsNotAbleToSubmitRequestConsultationFormIn_ForcastingAndPlanning_WithNonCorporateEmail -->
  <testcase classname="com.abacus.testsNotLoggedIn.Test_Solutions" name="verifyUserIsNotAbleToSubmitRequestConsultationFormIn_FoundationModels_WithNonCorporateEmail" time="0.008">
    <failure type="java.lang.NullPointerException" message="Cannot invoke &amp;quot;org.openqa.selenium.TakesScreenshot.getScreenshotAs(org.openqa.selenium.OutputType)&amp;quot; because the return value of &amp;quot;com.abacus.base.BaseClass.getDriver()&amp;quot; is null">
      <![CDATA[java.lang.NullPointerException: Cannot invoke "org.openqa.selenium.TakesScreenshot.getScreenshotAs(org.openqa.selenium.OutputType)" because the return value of "com.abacus.base.BaseClass.getDriver()" is null
at com.abacus.listeners.ExtentManager.captureScreenshot(ExtentManager.java:45)
at com.abacus.listeners.ExtentListeners.captureErrorAndScreenshot(ExtentListeners.java:175)
at com.abacus.errorCollectors.ErrorCollector.verifyTrue(ErrorCollector.java:107)
at com.abacus.testsNotLoggedIn.Test_Solutions.verifyUserIsNotAbleToSubmitRequestConsultationFormIn_FoundationModels_WithNonCorporateEmail(Test_Solutions.java:2067)
at java.base/java.util.ArrayList.forEach(ArrayList.java:1511)
... Removed 25 stack frames]]>
    </failure>
  </testcase> <!-- verifyUserIsNotAbleToSubmitRequestConsultationFormIn_FoundationModels_WithNonCorporateEmail -->
  <testcase classname="com.abacus.testsNotLoggedIn.Test_Solutions" name="verifyUserIsNotAbleToSubmitRequestConsultationFormIn_FraudAndSecurity_WithNonCorporateEmail" time="0.007">
    <failure type="java.lang.NullPointerException" message="Cannot invoke &amp;quot;org.openqa.selenium.TakesScreenshot.getScreenshotAs(org.openqa.selenium.OutputType)&amp;quot; because the return value of &amp;quot;com.abacus.base.BaseClass.getDriver()&amp;quot; is null">
      <![CDATA[java.lang.NullPointerException: Cannot invoke "org.openqa.selenium.TakesScreenshot.getScreenshotAs(org.openqa.selenium.OutputType)" because the return value of "com.abacus.base.BaseClass.getDriver()" is null
at com.abacus.listeners.ExtentManager.captureScreenshot(ExtentManager.java:45)
at com.abacus.listeners.ExtentListeners.captureErrorAndScreenshot(ExtentListeners.java:175)
at com.abacus.errorCollectors.ErrorCollector.verifyTrue(ErrorCollector.java:107)
at com.abacus.testsNotLoggedIn.Test_Solutions.verifyUserIsNotAbleToSubmitRequestConsultationFormIn_FraudAndSecurity_WithNonCorporateEmail(Test_Solutions.java:2192)
at java.base/java.util.ArrayList.forEach(ArrayList.java:1511)
... Removed 25 stack frames]]>
    </failure>
  </testcase> <!-- verifyUserIsNotAbleToSubmitRequestConsultationFormIn_FraudAndSecurity_WithNonCorporateEmail -->
  <testcase classname="com.abacus.testsNotLoggedIn.Test_Solutions" name="verifyUserIsNotAbleToSubmitRequestConsultationFormIn_MarketingAndSales_WithNonCorporateEmail" time="0.008">
    <failure type="java.lang.NullPointerException" message="Cannot invoke &amp;quot;org.openqa.selenium.TakesScreenshot.getScreenshotAs(org.openqa.selenium.OutputType)&amp;quot; because the return value of &amp;quot;com.abacus.base.BaseClass.getDriver()&amp;quot; is null">
      <![CDATA[java.lang.NullPointerException: Cannot invoke "org.openqa.selenium.TakesScreenshot.getScreenshotAs(org.openqa.selenium.OutputType)" because the return value of "com.abacus.base.BaseClass.getDriver()" is null
at com.abacus.listeners.ExtentManager.captureScreenshot(ExtentManager.java:45)
at com.abacus.listeners.ExtentListeners.captureErrorAndScreenshot(ExtentListeners.java:175)
at com.abacus.errorCollectors.ErrorCollector.verifyTrue(ErrorCollector.java:107)
at com.abacus.testsNotLoggedIn.Test_Solutions.verifyUserIsNotAbleToSubmitRequestConsultationFormIn_MarketingAndSales_WithNonCorporateEmail(Test_Solutions.java:2318)
at java.base/java.util.ArrayList.forEach(ArrayList.java:1511)
... Removed 25 stack frames]]>
    </failure>
  </testcase> <!-- verifyUserIsNotAbleToSubmitRequestConsultationFormIn_MarketingAndSales_WithNonCorporateEmail -->
  <testcase classname="com.abacus.testsNotLoggedIn.Test_Solutions" name="verifyUserIsNotAbleToSubmitRequestConsultationFormIn_NaturalLanguaeProcessing_WithNonCorporateEmail" time="0.008">
    <failure type="java.lang.NullPointerException" message="Cannot invoke &amp;quot;org.openqa.selenium.TakesScreenshot.getScreenshotAs(org.openqa.selenium.OutputType)&amp;quot; because the return value of &amp;quot;com.abacus.base.BaseClass.getDriver()&amp;quot; is null">
      <![CDATA[java.lang.NullPointerException: Cannot invoke "org.openqa.selenium.TakesScreenshot.getScreenshotAs(org.openqa.selenium.OutputType)" because the return value of "com.abacus.base.BaseClass.getDriver()" is null
at com.abacus.listeners.ExtentManager.captureScreenshot(ExtentManager.java:45)
at com.abacus.listeners.ExtentListeners.captureErrorAndScreenshot(ExtentListeners.java:175)
at com.abacus.errorCollectors.ErrorCollector.verifyTrue(ErrorCollector.java:107)
at com.abacus.testsNotLoggedIn.Test_Solutions.verifyUserIsNotAbleToSubmitRequestConsultationFormIn_NaturalLanguaeProcessing_WithNonCorporateEmail(Test_Solutions.java:2444)
at java.base/java.util.ArrayList.forEach(ArrayList.java:1511)
... Removed 25 stack frames]]>
    </failure>
  </testcase> <!-- verifyUserIsNotAbleToSubmitRequestConsultationFormIn_NaturalLanguaeProcessing_WithNonCorporateEmail -->
  <testcase classname="com.abacus.testsNotLoggedIn.Test_Solutions" name="verifyUserIsNotAbleToSubmitRequestConsultationFormIn_PersonalizationAi_WithNonCorporateEmail" time="0.021">
    <failure type="java.lang.NullPointerException" message="Cannot invoke &amp;quot;org.openqa.selenium.TakesScreenshot.getScreenshotAs(org.openqa.selenium.OutputType)&amp;quot; because the return value of &amp;quot;com.abacus.base.BaseClass.getDriver()&amp;quot; is null">
      <![CDATA[java.lang.NullPointerException: Cannot invoke "org.openqa.selenium.TakesScreenshot.getScreenshotAs(org.openqa.selenium.OutputType)" because the return value of "com.abacus.base.BaseClass.getDriver()" is null
at com.abacus.listeners.ExtentManager.captureScreenshot(ExtentManager.java:45)
at com.abacus.listeners.ExtentListeners.captureErrorAndScreenshot(ExtentListeners.java:175)
at com.abacus.errorCollectors.ErrorCollector.verifyTrue(ErrorCollector.java:107)
at com.abacus.testsNotLoggedIn.Test_Solutions.verifyUserIsNotAbleToSubmitRequestConsultationFormIn_PersonalizationAi_WithNonCorporateEmail(Test_Solutions.java:2571)
at java.base/java.util.ArrayList.forEach(ArrayList.java:1511)
... Removed 25 stack frames]]>
    </failure>
  </testcase> <!-- verifyUserIsNotAbleToSubmitRequestConsultationFormIn_PersonalizationAi_WithNonCorporateEmail -->
  <testcase classname="com.abacus.testsNotLoggedIn.Test_Solutions" name="verifyUserIsNotAbleToSubmitRequestConsultationFormIn_PredictiveModeling_WithNonCorporateEmail" time="0.006">
    <failure type="java.lang.NullPointerException" message="Cannot invoke &amp;quot;org.openqa.selenium.TakesScreenshot.getScreenshotAs(org.openqa.selenium.OutputType)&amp;quot; because the return value of &amp;quot;com.abacus.base.BaseClass.getDriver()&amp;quot; is null">
      <![CDATA[java.lang.NullPointerException: Cannot invoke "org.openqa.selenium.TakesScreenshot.getScreenshotAs(org.openqa.selenium.OutputType)" because the return value of "com.abacus.base.BaseClass.getDriver()" is null
at com.abacus.listeners.ExtentManager.captureScreenshot(ExtentManager.java:45)
at com.abacus.listeners.ExtentListeners.captureErrorAndScreenshot(ExtentListeners.java:175)
at com.abacus.errorCollectors.ErrorCollector.verifyTrue(ErrorCollector.java:107)
at com.abacus.testsNotLoggedIn.Test_Solutions.verifyUserIsNotAbleToSubmitRequestConsultationFormIn_PredictiveModeling_WithNonCorporateEmail(Test_Solutions.java:2695)
at java.base/java.util.ArrayList.forEach(ArrayList.java:1511)
... Removed 25 stack frames]]>
    </failure>
  </testcase> <!-- verifyUserIsNotAbleToSubmitRequestConsultationFormIn_PredictiveModeling_WithNonCorporateEmail -->
  <testcase classname="com.abacus.testsNotLoggedIn.Test_Solutions" name="verifyUserIsNotAbleToSubmitRequestConsultationFormIn_visionAi_WithNonCorporateEmail" time="0.007">
    <failure type="java.lang.NullPointerException" message="Cannot invoke &amp;quot;org.openqa.selenium.TakesScreenshot.getScreenshotAs(org.openqa.selenium.OutputType)&amp;quot; because the return value of &amp;quot;com.abacus.base.BaseClass.getDriver()&amp;quot; is null">
      <![CDATA[java.lang.NullPointerException: Cannot invoke "org.openqa.selenium.TakesScreenshot.getScreenshotAs(org.openqa.selenium.OutputType)" because the return value of "com.abacus.base.BaseClass.getDriver()" is null
at com.abacus.listeners.ExtentManager.captureScreenshot(ExtentManager.java:45)
at com.abacus.listeners.ExtentListeners.captureErrorAndScreenshot(ExtentListeners.java:175)
at com.abacus.errorCollectors.ErrorCollector.verifyTrue(ErrorCollector.java:107)
at com.abacus.testsNotLoggedIn.Test_Solutions.verifyUserIsNotAbleToSubmitRequestConsultationFormIn_visionAi_WithNonCorporateEmail(Test_Solutions.java:2821)
at java.base/java.util.ArrayList.forEach(ArrayList.java:1511)
... Removed 25 stack frames]]>
    </failure>
  </testcase> <!-- verifyUserIsNotAbleToSubmitRequestConsultationFormIn_visionAi_WithNonCorporateEmail -->
  <testcase classname="com.abacus.base.BaseClass" name="@AfterTest tearDown" time="0.0">
    <ignored/>
  </testcase> <!-- @AfterTest tearDown -->
  <testcase classname="com.abacus.base.BaseClass" name="@AfterTest tearDown" time="0.0">
    <ignored/>
  </testcase> <!-- @AfterTest tearDown -->
</testsuite> <!-- Abacus Android Automation - Edge Browser -->
