<?xml version="1.0" encoding="UTF-8"?>
<!-- Generated by org.testng.reporters.JUnitXMLReporter -->
<testsuite ignored="0" hostname="codeautomation" failures="1" tests="6" name="Abacus Android Automation - Tests" time="410.82" errors="0" timestamp="2023-01-14T03:24:59 PKT">
  <testcase classname="com.abacus.testsNotLoggedIn.Test_MLOps" name="verifyBySubmittingRequestAccessFormInDriftObservabilityAndExplainabilityFromMLOps" time="67.498"/>
  <testcase classname="com.abacus.testsNotLoggedIn.Test_MLOps" name="verifyBySubmittingRequestAccessFormInHumanAIChampionChallengerFromMLOps" time="70.547"/>
  <testcase classname="com.abacus.testsNotLoggedIn.Test_MLOps" name="verifyBySubmittingRequestAccessFormInModelHostingAndDataPipelinesFromMLOps" time="70.378"/>
  <testcase classname="com.abacus.testsNotLoggedIn.Test_MLOps" name="verifyBySubmittingRequestAccessFormInRealTimeMLFeatureStoreFromMLOps" time="60.969"/>
  <testcase classname="com.abacus.testsNotLoggedIn.Test_MLOps" name="verifyBySubmittingRequestAccessFormInVectorMachingEngineFromMLOps" time="105.266"/>
  <testcase classname="com.abacus.testsNotLoggedIn.Test_MLOps" name="verifyMLOpsIsOpenedFromNavBar" time="14.388">
    <failure type="org.openqa.selenium.UnsupportedCommandException" message="Method has not yet been implemented
Build info: version: &amp;apos;3.141.59&amp;apos;, revision: &amp;apos;e82be7d358&amp;apos;, time: &amp;apos;2018-11-14T08:17:03&amp;apos;
System info: host: &amp;apos;CODEAUTOMATION&amp;apos;, ip: &amp;apos;192.168.1.53&amp;apos;, os.name: &amp;apos;Windows 11&amp;apos;, os.arch: &amp;apos;amd64&amp;apos;, os.version: &amp;apos;10.0&amp;apos;, java.version: &amp;apos;17.0.5&amp;apos;
Driver info: io.appium.java_client.android.AndroidDriver
Capabilities {appActivity: com.microsoft.ruby.Main, appPackage: com.microsoft.emmx, autoGrantPermissions: true, automationName: uiautomator2, databaseEnabled: false, desired: {appActivity: com.microsoft.ruby.Main, appPackage: com.microsoft.emmx, autoGrantPermissions: true, automationName: uiautomator2, deviceName: RFCT31QJHVW, disableAndroidWatchers: true, fullReset: false, ignoreUnimportantViews: true, newCommandTimeout: 12000, noReset: true, platformName: android, platformVersion: 12}, deviceApiLevel: 31, deviceManufacturer: samsung, deviceModel: SM-A336E, deviceName: RFCT31QJHVW, deviceScreenDensity: 450, deviceScreenSize: 1080x2400, deviceUDID: RFCT31QJHVW, disableAndroidWatchers: true, fullReset: false, ignoreUnimportantViews: true, javascriptEnabled: true, locationContextEnabled: false, networkConnectionEnabled: true, newCommandTimeout: 12000, noReset: true, pixelRatio: 2.8125, platform: LINUX, platformName: android, platformVersion: 12, statBarHeight: 78, takesScreenshot: true, viewportRect: {height: 2107, left: 0, top: 78, width: 1080}, warnings: {}, webStorageEnabled: false}
Session ID: 7b9252f3-4c64-47b2-9161-bae76ef420f2">
      <![CDATA[org.openqa.selenium.UnsupportedCommandException: Method has not yet been implemented
Build info: version: '3.141.59', revision: 'e82be7d358', time: '2018-11-14T08:17:03'
System info: host: 'CODEAUTOMATION', ip: '192.168.1.53', os.name: 'Windows 11', os.arch: 'amd64', os.version: '10.0', java.version: '17.0.5'
Driver info: io.appium.java_client.android.AndroidDriver
Capabilities {appActivity: com.microsoft.ruby.Main, appPackage: com.microsoft.emmx, autoGrantPermissions: true, automationName: uiautomator2, databaseEnabled: false, desired: {appActivity: com.microsoft.ruby.Main, appPackage: com.microsoft.emmx, autoGrantPermissions: true, automationName: uiautomator2, deviceName: RFCT31QJHVW, disableAndroidWatchers: true, fullReset: false, ignoreUnimportantViews: true, newCommandTimeout: 12000, noReset: true, platformName: android, platformVersion: 12}, deviceApiLevel: 31, deviceManufacturer: samsung, deviceModel: SM-A336E, deviceName: RFCT31QJHVW, deviceScreenDensity: 450, deviceScreenSize: 1080x2400, deviceUDID: RFCT31QJHVW, disableAndroidWatchers: true, fullReset: false, ignoreUnimportantViews: true, javascriptEnabled: true, locationContextEnabled: false, networkConnectionEnabled: true, newCommandTimeout: 12000, noReset: true, pixelRatio: 2.8125, platform: LINUX, platformName: android, platformVersion: 12, statBarHeight: 78, takesScreenshot: true, viewportRect: {height: 2107, left: 0, top: 78, width: 1080}, warnings: {}, webStorageEnabled: false}
Session ID: 7b9252f3-4c64-47b2-9161-bae76ef420f2
at org.openqa.selenium.remote.http.W3CHttpResponseCodec.createException(W3CHttpResponseCodec.java:187)
at org.openqa.selenium.remote.http.W3CHttpResponseCodec.decode(W3CHttpResponseCodec.java:122)
at org.openqa.selenium.remote.http.W3CHttpResponseCodec.decode(W3CHttpResponseCodec.java:49)
at org.openqa.selenium.remote.HttpCommandExecutor.execute(HttpCommandExecutor.java:158)
at io.appium.java_client.remote.AppiumCommandExecutor.execute(AppiumCommandExecutor.java:247)
at org.openqa.selenium.remote.RemoteWebDriver.execute(RemoteWebDriver.java:552)
at io.appium.java_client.DefaultGenericMobileDriver.execute(DefaultGenericMobileDriver.java:45)
at io.appium.java_client.AppiumDriver.execute(AppiumDriver.java:1)
at io.appium.java_client.android.AndroidDriver.execute(AndroidDriver.java:1)
at org.openqa.selenium.remote.RemoteWebDriver.getCurrentUrl(RemoteWebDriver.java:287)
at com.abacus.base.BaseClass.getCurrentUrl(BaseClass.java:351)
at com.abacus.testsNotLoggedIn.Test_MLOps.verifyMLOpsIsOpenedFromNavBar(Test_MLOps.java:34)
at java.base/java.util.ArrayList.forEach(ArrayList.java:1511)
... Removed 32 stack frames]]>
    </failure>
  </testcase> <!-- verifyMLOpsIsOpenedFromNavBar -->
</testsuite> <!-- Abacus Android Automation - Tests -->
